SF:lib/src/base/mongol_text_align.dart
DA:12,15
LF:1
LH:1
end_of_record
SF:lib/src/editing/mongol_render_editable.dart
DA:45,3
DA:47,3
DA:48,3
DA:49,3
DA:50,3
DA:51,3
DA:52,3
DA:53,3
DA:54,3
DA:55,3
DA:56,3
DA:57,3
DA:58,3
DA:59,3
DA:60,3
DA:61,3
DA:62,3
DA:63,3
DA:64,3
DA:65,3
DA:66,3
DA:67,3
DA:68,3
DA:69,3
DA:70,3
DA:71,3
DA:72,3
DA:115,3
DA:151,3
DA:152,1
DA:154,1
DA:158,0
DA:161,9
DA:162,0
DA:163,3
DA:164,3
DA:169,1
DA:186,6
DA:187,3
DA:189,6
DA:190,6
DA:192,6
DA:193,6
DA:194,6
DA:196,3
DA:197,3
DA:204,3
DA:206,3
DA:207,1
DA:208,1
DA:209,1
DA:214,3
DA:216,3
DA:217,3
DA:218,3
DA:220,2
DA:222,3
DA:231,0
DA:233,1
DA:234,2
DA:235,1
DA:238,3
DA:240,3
DA:241,1
DA:242,1
DA:243,1
DA:248,3
DA:250,3
DA:251,3
DA:252,3
DA:254,2
DA:256,3
DA:265,0
DA:267,1
DA:268,2
DA:269,1
DA:273,9
DA:278,3
DA:279,6
DA:281,3
DA:282,3
DA:283,3
DA:284,3
DA:289,3
DA:290,6
DA:292,3
DA:293,3
DA:294,3
DA:295,3
DA:316,3
DA:317,11
DA:318,6
DA:337,4
DA:339,2
DA:340,4
DA:341,0
DA:342,0
DA:348,6
DA:350,2
DA:351,4
DA:354,0
DA:355,0
DA:356,0
DA:360,6
DA:362,2
DA:363,4
DA:364,1
DA:365,1
DA:385,1
DA:386,1
DA:400,2
DA:403,3
DA:404,3
DA:405,6
DA:407,6
DA:408,15
DA:409,3
DA:419,6
DA:420,3
DA:421,6
DA:423,6
DA:424,15
DA:425,3
DA:427,6
DA:428,3
DA:429,6
DA:446,3
DA:448,6
DA:449,6
DA:452,3
DA:453,3
DA:462,12
DA:463,3
DA:464,6
DA:465,6
DA:468,3
DA:469,3
DA:470,9
DA:475,3
DA:483,6
DA:484,6
DA:485,3
DA:486,6
DA:487,3
DA:491,4
DA:494,6
DA:495,3
DA:496,3
DA:497,3
DA:498,3
DA:501,6
DA:502,3
DA:503,3
DA:504,3
DA:505,3
DA:506,3
DA:507,3
DA:510,9
DA:511,3
DA:512,3
DA:515,4
DA:516,2
DA:517,2
DA:518,2
DA:521,4
DA:523,2
DA:524,2
DA:525,2
DA:528,6
DA:529,2
DA:530,2
DA:531,2
DA:534,3
DA:540,3
DA:542,9
DA:543,3
DA:545,6
DA:546,6
DA:548,5
DA:549,4
DA:551,6
DA:560,2
DA:563,3
DA:564,4
DA:567,2
DA:568,2
DA:569,2
DA:570,1
DA:571,1
DA:586,2
DA:589,7
DA:590,4
DA:591,1
DA:595,6
DA:596,2
DA:597,4
DA:603,2
DA:605,8
DA:619,1
DA:622,4
DA:623,1
DA:629,2
DA:631,1
DA:632,4
DA:635,3
DA:638,2
DA:646,1
DA:649,3
DA:654,3
DA:655,1
DA:657,2
DA:659,1
DA:663,1
DA:664,2
DA:670,1
DA:673,4
DA:678,3
DA:679,1
DA:681,2
DA:683,1
DA:685,1
DA:686,3
DA:687,0
DA:688,1
DA:689,2
DA:694,1
DA:697,1
DA:702,1
DA:706,2
DA:707,1
DA:708,2
DA:709,1
DA:714,1
DA:717,2
DA:718,2
DA:723,5
DA:724,0
DA:728,2
DA:730,1
DA:732,2
DA:733,1
DA:741,0
DA:748,0
DA:753,0
DA:756,0
DA:757,0
DA:758,0
DA:759,0
DA:763,0
DA:773,0
DA:780,0
DA:781,0
DA:786,0
DA:789,0
DA:790,0
DA:791,0
DA:792,0
DA:796,0
DA:805,1
DA:811,3
DA:816,2
DA:817,1
DA:827,1
DA:833,2
DA:834,4
DA:839,2
DA:840,1
DA:846,1
DA:852,2
DA:856,2
DA:857,1
DA:860,1
DA:866,3
DA:870,2
DA:871,1
DA:885,0
DA:886,0
DA:889,0
DA:890,0
DA:893,0
DA:894,0
DA:896,0
DA:910,0
DA:911,0
DA:914,0
DA:915,0
DA:918,0
DA:921,0
DA:925,0
DA:927,0
DA:928,0
DA:929,0
DA:930,0
DA:937,0
DA:941,0
DA:942,0
DA:943,0
DA:950,0
DA:954,0
DA:955,0
DA:956,0
DA:960,0
DA:961,0
DA:963,0
DA:967,0
DA:968,0
DA:969,0
DA:970,0
DA:971,0
DA:972,0
DA:973,0
DA:986,1
DA:989,1
DA:990,2
DA:991,1
DA:992,1
DA:994,1
DA:998,2
DA:999,2
DA:1000,2
DA:1001,1
DA:1002,1
DA:1004,0
DA:1005,0
DA:1006,0
DA:1007,0
DA:1008,0
DA:1009,0
DA:1010,0
DA:1013,1
DA:1014,1
DA:1015,1
DA:1031,1
DA:1032,1
DA:1034,2
DA:1038,3
DA:1039,1
DA:1041,1
DA:1045,1
DA:1047,1
DA:1048,1
DA:1060,1
DA:1061,1
DA:1063,2
DA:1067,3
DA:1068,1
DA:1070,1
DA:1074,1
DA:1075,2
DA:1076,1
DA:1077,1
DA:1098,1
DA:1106,2
DA:1107,1
DA:1109,3
DA:1113,1
DA:1114,2
DA:1115,1
DA:1119,2
DA:1121,2
DA:1122,1
DA:1123,1
DA:1124,2
DA:1125,2
DA:1127,1
DA:1128,2
DA:1129,2
DA:1130,3
DA:1131,2
DA:1132,2
DA:1133,3
DA:1136,1
DA:1137,1
DA:1138,2
DA:1162,1
DA:1164,1
DA:1166,3
DA:1170,2
DA:1171,0
DA:1175,1
DA:1176,2
DA:1179,3
DA:1180,2
DA:1181,1
DA:1186,3
DA:1187,2
DA:1189,2
DA:1190,1
DA:1191,1
DA:1192,2
DA:1209,1
DA:1210,1
DA:1212,3
DA:1216,2
DA:1217,0
DA:1221,1
DA:1222,2
DA:1225,3
DA:1226,2
DA:1227,1
DA:1233,4
DA:1238,4
DA:1239,2
DA:1241,2
DA:1242,2
DA:1243,1
DA:1244,2
DA:1263,1
DA:1266,2
DA:1267,1
DA:1269,3
DA:1273,1
DA:1274,2
DA:1275,1
DA:1279,2
DA:1280,1
DA:1281,1
DA:1282,2
DA:1284,1
DA:1285,2
DA:1286,3
DA:1287,1
DA:1288,2
DA:1289,4
DA:1291,1
DA:1292,1
DA:1293,2
DA:1313,1
DA:1315,1
DA:1317,3
DA:1321,2
DA:1322,0
DA:1326,1
DA:1327,2
DA:1330,3
DA:1331,2
DA:1333,1
DA:1337,2
DA:1339,3
DA:1340,3
DA:1342,1
DA:1343,3
DA:1360,1
DA:1361,1
DA:1363,3
DA:1367,2
DA:1368,0
DA:1372,1
DA:1373,2
DA:1376,3
DA:1377,2
DA:1378,1
DA:1383,2
DA:1388,2
DA:1389,3
DA:1391,5
DA:1393,1
DA:1394,3
DA:1411,0
DA:1412,0
DA:1416,0
DA:1417,0
DA:1420,0
DA:1421,0
DA:1424,0
DA:1426,0
DA:1427,0
DA:1428,0
DA:1430,0
DA:1431,0
DA:1432,0
DA:1433,0
DA:1435,0
DA:1437,0
DA:1438,0
DA:1440,0
DA:1443,0
DA:1458,0
DA:1459,0
DA:1461,0
DA:1464,0
DA:1465,0
DA:1468,0
DA:1470,0
DA:1471,0
DA:1472,0
DA:1474,0
DA:1476,0
DA:1478,0
DA:1490,1
DA:1491,1
DA:1493,1
DA:1494,0
DA:1497,1
DA:1498,1
DA:1499,1
DA:1501,2
DA:1504,4
DA:1505,2
DA:1506,1
DA:1525,0
DA:1526,0
DA:1528,0
DA:1529,0
DA:1537,0
DA:1538,0
DA:1541,0
DA:1542,0
DA:1543,0
DA:1546,0
DA:1547,0
DA:1551,0
DA:1563,1
DA:1564,1
DA:1566,1
DA:1567,0
DA:1570,1
DA:1571,1
DA:1572,1
DA:1574,2
DA:1577,4
DA:1578,2
DA:1579,1
DA:1598,0
DA:1599,0
DA:1601,0
DA:1602,0
DA:1606,0
DA:1607,0
DA:1610,0
DA:1611,0
DA:1612,0
DA:1615,0
DA:1616,0
DA:1620,0
DA:1634,0
DA:1635,0
DA:1639,0
DA:1642,0
DA:1643,0
DA:1646,0
DA:1648,0
DA:1649,0
DA:1652,0
DA:1653,0
DA:1654,0
DA:1655,0
DA:1656,0
DA:1658,0
DA:1660,0
DA:1661,0
DA:1662,0
DA:1664,0
DA:1667,0
DA:1683,0
DA:1684,0
DA:1686,0
DA:1689,0
DA:1690,0
DA:1693,0
DA:1695,0
DA:1696,0
DA:1697,0
DA:1699,0
DA:1703,0
DA:1719,0
DA:1720,0
DA:1722,0
DA:1723,0
DA:1727,0
DA:1728,0
DA:1729,0
DA:1732,0
DA:1733,0
DA:1734,0
DA:1737,0
DA:1738,0
DA:1742,0
DA:1761,0
DA:1766,0
DA:1769,0
DA:1770,0
DA:1774,0
DA:1775,0
DA:1776,0
DA:1778,0
DA:1779,0
DA:1780,0
DA:1784,0
DA:1787,0
DA:1801,0
DA:1806,0
DA:1809,0
DA:1810,0
DA:1814,0
DA:1815,0
DA:1816,0
DA:1818,0
DA:1819,0
DA:1820,0
DA:1824,0
DA:1827,0
DA:1843,0
DA:1844,0
DA:1846,0
DA:1847,0
DA:1850,0
DA:1851,0
DA:1852,0
DA:1855,0
DA:1856,0
DA:1857,0
DA:1860,0
DA:1861,0
DA:1865,0
DA:1873,0
DA:1874,0
DA:1878,0
DA:1879,0
DA:1883,0
DA:1886,0
DA:1887,0
DA:1888,0
DA:1889,0
DA:1891,0
DA:1893,0
DA:1894,0
DA:1897,0
DA:1905,1
DA:1906,1
DA:1908,1
DA:1909,1
DA:1910,1
DA:1912,2
DA:1915,2
DA:1916,4
DA:1917,1
DA:1926,1
DA:1927,1
DA:1931,4
DA:1932,2
DA:1933,2
DA:1942,4
DA:1943,2
DA:1944,1
DA:1945,1
DA:1948,1
DA:1961,1
DA:1963,1
DA:1966,1
DA:1967,0
DA:1971,4
DA:1972,4
DA:1973,0
DA:1975,1
DA:1976,1
DA:1977,1
DA:1980,2
DA:1983,1
DA:1991,1
DA:1992,1
DA:1994,1
DA:1995,1
DA:1996,1
DA:1998,2
DA:2001,1
DA:2010,1
DA:2011,1
DA:2014,2
DA:2015,2
DA:2017,4
DA:2026,4
DA:2027,2
DA:2028,1
DA:2029,1
DA:2032,1
DA:2045,1
DA:2049,1
DA:2052,1
DA:2053,0
DA:2057,4
DA:2058,4
DA:2059,0
DA:2061,1
DA:2062,1
DA:2063,1
DA:2066,2
DA:2069,1
DA:2078,0
DA:2079,0
DA:2081,0
DA:2082,0
DA:2085,0
DA:2086,0
DA:2088,0
DA:2096,0
DA:2097,0
DA:2099,0
DA:2103,0
DA:2111,0
DA:2112,0
DA:2116,0
DA:2120,0
DA:2122,0
DA:2123,0
DA:2124,0
DA:2126,0
DA:2127,0
DA:2128,0
DA:2130,0
DA:2133,0
DA:2138,2
DA:2139,6
DA:2140,6
DA:2141,4
DA:2142,2
DA:2143,1
DA:2145,3
DA:2150,3
DA:2151,0
DA:2153,0
DA:2154,0
DA:2155,0
DA:2156,0
DA:2157,0
DA:2160,3
DA:2163,0
DA:2165,0
DA:2166,0
DA:2167,0
DA:2168,0
DA:2169,0
DA:2171,0
DA:2175,2
DA:2176,2
DA:2178,2
DA:2180,8
DA:2185,2
DA:2192,2
DA:2193,6
DA:2194,6
DA:2195,2
DA:2196,4
DA:2199,1
DA:2200,1
DA:2201,3
DA:2203,1
DA:2204,0
DA:2206,0
DA:2207,0
DA:2210,1
DA:2211,1
DA:2212,1
DA:2215,1
DA:2216,1
DA:2217,1
DA:2218,1
DA:2225,3
DA:2227,3
DA:2229,6
DA:2230,6
DA:2237,3
DA:2239,3
DA:2240,3
DA:2241,3
DA:2244,0
DA:2246,0
DA:2247,0
DA:2248,0
DA:2249,0
DA:2257,3
DA:2258,3
DA:2259,9
DA:2260,3
DA:2264,9
DA:2266,3
DA:2267,9
DA:2268,6
DA:2269,3
DA:2270,3
DA:2271,3
DA:2277,3
DA:2278,3
DA:2279,9
DA:2280,4
DA:2281,2
DA:2285,6
DA:2286,3
DA:2287,6
DA:2291,6
DA:2293,3
DA:2294,6
DA:2295,4
DA:2296,1
DA:2297,1
DA:2298,1
DA:2299,3
DA:2303,3
DA:2304,12
DA:2308,6
DA:2311,3
DA:2312,6
DA:2313,3
DA:2314,3
DA:2316,3
DA:2317,1
DA:2321,3
DA:2322,3
DA:2325,9
DA:2326,3
DA:2328,2
DA:2331,6
DA:2332,2
DA:2338,6
DA:2340,2
DA:2341,4
DA:2342,0
DA:2343,0
DA:2347,6
DA:2349,2
DA:2350,4
DA:2351,2
DA:2352,2
DA:2365,6
DA:2369,2
DA:2370,2
DA:2371,4
DA:2372,1
DA:2373,1
DA:2412,6
DA:2416,2
DA:2417,1
DA:2418,4
DA:2419,0
DA:2420,0
DA:2442,6
DA:2444,2
DA:2445,4
DA:2446,0
DA:2447,0
DA:2451,3
DA:2452,2
DA:2453,4
DA:2460,3
DA:2461,3
DA:2462,9
DA:2463,2
DA:2464,1
DA:2473,6
DA:2475,3
DA:2476,6
DA:2477,3
DA:2478,6
DA:2479,3
DA:2480,3
DA:2488,6
DA:2490,3
DA:2491,6
DA:2492,8
DA:2493,2
DA:2494,8
DA:2495,2
DA:2504,9
DA:2506,2
DA:2507,4
DA:2508,0
DA:2509,0
DA:2518,6
DA:2520,3
DA:2521,6
DA:2524,2
DA:2525,2
DA:2534,6
DA:2535,2
DA:2536,4
DA:2542,3
DA:2543,3
DA:2544,6
DA:2551,6
DA:2553,2
DA:2554,4
DA:2555,0
DA:2556,0
DA:2563,6
DA:2565,2
DA:2566,4
DA:2567,0
DA:2568,0
DA:2584,6
DA:2586,0
DA:2587,0
DA:2588,0
DA:2589,0
DA:2590,0
DA:2613,3
DA:2614,4
DA:2622,4
DA:2625,9
DA:2628,6
DA:2630,2
DA:2631,4
DA:2632,1
DA:2633,1
DA:2634,1
DA:2648,3
DA:2650,3
DA:2651,12
DA:2656,6
DA:2657,6
DA:2658,0
DA:2659,0
DA:2663,0
DA:2664,0
DA:2668,3
DA:2669,18
DA:2670,6
DA:2671,6
DA:2672,3
DA:2673,6
DA:2674,3
DA:2675,6
DA:2677,5
DA:2678,4
DA:2681,9
DA:2683,12
DA:2684,6
DA:2685,12
DA:2687,6
DA:2688,3
DA:2689,3
DA:2691,12
DA:2693,6
DA:2694,3
DA:2695,3
DA:2700,0
DA:2701,0
DA:2702,0
DA:2704,0
DA:2710,0
DA:2713,0
DA:2714,0
DA:2718,0
DA:2719,0
DA:2720,0
DA:2721,0
DA:2723,0
DA:2725,0
DA:2727,0
DA:2728,0
DA:2731,0
DA:2732,0
DA:2733,0
DA:2737,0
DA:2738,0
DA:2739,0
DA:2740,0
DA:2741,0
DA:2745,0
DA:2746,0
DA:2747,0
DA:2748,0
DA:2749,0
DA:2751,0
DA:2752,0
DA:2753,0
DA:2754,0
DA:2755,0
DA:2757,0
DA:2758,0
DA:2759,0
DA:2760,0
DA:2762,0
DA:2763,0
DA:2764,0
DA:2765,0
DA:2767,0
DA:2768,0
DA:2769,0
DA:2772,0
DA:2775,0
DA:2776,0
DA:2777,0
DA:2779,0
DA:2780,0
DA:2781,0
DA:2782,0
DA:2784,0
DA:2785,0
DA:2788,0
DA:2789,0
DA:2792,0
DA:2793,0
DA:2794,0
DA:2796,0
DA:2797,0
DA:2798,0
DA:2803,0
DA:2804,0
DA:2805,0
DA:2807,0
DA:2808,0
DA:2809,0
DA:2814,0
DA:2815,0
DA:2816,0
DA:2817,0
DA:2819,0
DA:2820,0
DA:2821,0
DA:2823,0
DA:2829,0
DA:2830,0
DA:2831,0
DA:2832,0
DA:2835,0
DA:2836,0
DA:2837,0
DA:2839,0
DA:2845,1
DA:2847,3
DA:2848,2
DA:2849,1
DA:2850,1
DA:2854,1
DA:2855,1
DA:2856,3
DA:2857,2
DA:2858,1
DA:2859,2
DA:2869,1
DA:2870,4
DA:2871,2
DA:2872,1
DA:2879,3
DA:2881,3
DA:2882,6
DA:2883,6
DA:2885,6
DA:2886,6
DA:2887,6
DA:2888,6
DA:2889,6
DA:2890,9
DA:2891,3
DA:2892,9
DA:2893,3
DA:2894,3
DA:2895,0
DA:2896,0
DA:2900,3
DA:2902,6
DA:2903,6
DA:2904,9
DA:2905,9
DA:2908,3
DA:2909,9
DA:2910,3
DA:2912,3
DA:2913,6
DA:2914,6
DA:2917,3
DA:2919,3
DA:2920,3
DA:2921,3
DA:2922,3
DA:2925,3
DA:2927,3
DA:2928,3
DA:2929,3
DA:2930,3
DA:2933,9
DA:2935,6
DA:2937,3
DA:2938,3
DA:2939,3
DA:2940,12
DA:2941,3
DA:2942,12
DA:2946,3
DA:2947,3
DA:2948,3
DA:2949,3
DA:2950,6
DA:2951,3
DA:2952,6
DA:2956,3
DA:2957,3
DA:2958,3
DA:2959,3
DA:2960,15
DA:2961,3
DA:2962,15
DA:2968,3
DA:2969,12
DA:2981,3
DA:2982,3
DA:2983,12
DA:2985,3
DA:2987,3
DA:2988,3
DA:2989,6
DA:2990,3
DA:2992,12
DA:2993,12
DA:2994,6
DA:2996,18
DA:2997,18
DA:2998,3
DA:2999,3
DA:3000,3
DA:3013,3
DA:3014,6
DA:3017,3
DA:3018,12
DA:3020,6
DA:3021,9
DA:3025,3
DA:3027,3
DA:3028,0
DA:3030,6
DA:3041,0
DA:3042,0
DA:3043,0
DA:3044,0
DA:3045,0
DA:3059,2
DA:3060,2
DA:3061,8
DA:3063,6
DA:3065,6
DA:3066,10
DA:3068,6
DA:3071,3
DA:3073,3
DA:3074,6
DA:3077,3
DA:3079,3
DA:3080,12
DA:3085,9
DA:3087,3
DA:3089,6
DA:3090,6
DA:3091,6
DA:3093,9
DA:3097,4
DA:3098,2
DA:3100,1
DA:3101,6
DA:3102,3
DA:3104,0
DA:3105,0
DA:3110,2
DA:3111,1
DA:3113,3
DA:3115,2
DA:3116,1
DA:3119,2
DA:3121,2
DA:3122,8
DA:3125,3
DA:3127,3
DA:3130,3
DA:3132,3
DA:3135,1
DA:3137,1
DA:3138,4
DA:3139,2
DA:3142,2
DA:3148,2
DA:3150,2
DA:3151,2
DA:3152,2
DA:3154,2
DA:3156,2
DA:3157,2
DA:3167,4
DA:3173,0
DA:3174,0
DA:3175,0
DA:3184,3
DA:3185,6
DA:3188,1
DA:3189,1
DA:3190,1
DA:3199,1
DA:3200,1
DA:3203,1
DA:3204,1
DA:3205,1
DA:3214,0
DA:3215,0
DA:3224,0
DA:3225,0
DA:3228,0
DA:3229,0
DA:3230,0
DA:3241,3
DA:3242,6
DA:3249,3
DA:3253,3
DA:3254,12
DA:3256,15
DA:3259,5
DA:3261,3
DA:3262,4
DA:3264,3
DA:3267,3
DA:3269,3
DA:3273,2
DA:3274,4
DA:3281,3
DA:3285,3
DA:3286,12
DA:3288,15
DA:3289,3
DA:3292,2
DA:3293,4
DA:3295,3
DA:3296,3
DA:3297,6
DA:3298,6
DA:3299,3
DA:3306,0
DA:3307,0
DA:3308,0
DA:3309,0
DA:3310,0
DA:3311,0
DA:3312,0
DA:3313,0
DA:3314,0
DA:3315,0
DA:3316,0
DA:3320,0
DA:3321,0
DA:3322,0
DA:3328,3
DA:3330,12
DA:3331,12
DA:3332,0
DA:3333,6
DA:3335,9
DA:3336,2
DA:3339,3
DA:3340,3
DA:3348,12
DA:3349,2
DA:3350,2
DA:3351,1
DA:3352,1
DA:3354,2
DA:3356,2
DA:3358,1
DA:3359,1
DA:3360,1
DA:3363,0
DA:3364,0
DA:3365,0
DA:3367,1
DA:3368,1
DA:3370,1
DA:3371,1
DA:3372,2
DA:3375,0
DA:3376,0
DA:3377,0
DA:3381,0
DA:3382,0
DA:3383,0
DA:3384,0
DA:3389,9
DA:3392,1
DA:3394,4
DA:3395,4
DA:3396,0
DA:3397,2
DA:3398,3
DA:3399,1
DA:3402,1
DA:3403,0
DA:3405,3
DA:3408,3
DA:3410,6
DA:3411,6
DA:3412,9
DA:3413,3
DA:3414,3
DA:3415,3
DA:3416,6
DA:3420,3
DA:3421,3
DA:3426,3
DA:3427,3
DA:3428,3
DA:3429,3
DA:3430,3
DA:3431,12
DA:3433,3
DA:3434,2
DA:3435,2
DA:3436,2
DA:3437,6
DA:3438,12
DA:3445,3
DA:3446,3
DA:3447,6
DA:3448,3
DA:3449,6
DA:3450,15
DA:3451,3
DA:3453,6
DA:3454,15
DA:3455,3
DA:3460,2
DA:3462,2
DA:3463,4
DA:3464,2
DA:3465,2
DA:3466,0
DA:3467,2
DA:3468,6
DA:3472,3
DA:3474,3
DA:3475,3
DA:3476,6
DA:3477,3
DA:3486,6
DA:3487,3
DA:3488,3
DA:3489,0
DA:3490,6
DA:3491,9
DA:3494,15
DA:3496,3
DA:3498,6
DA:3499,6
DA:3501,6
DA:3502,9
DA:3503,9
DA:3506,3
DA:3508,12
DA:3509,12
DA:3510,0
DA:3511,6
DA:3513,3
DA:3514,3
DA:3517,3
DA:3518,3
DA:3522,3
DA:3524,9
DA:3526,3
DA:3529,3
DA:3531,6
DA:3532,3
DA:3533,12
DA:3534,12
DA:3536,3
DA:3537,6
DA:3541,6
DA:3542,6
DA:3543,3
DA:3544,12
DA:3545,12
DA:3547,3
DA:3548,6
DA:3555,3
DA:3557,3
DA:3558,12
DA:3559,9
DA:3560,6
DA:3561,3
DA:3563,6
DA:3564,3
DA:3565,3
DA:3566,3
DA:3569,3
DA:3570,3
DA:3572,9
DA:3577,0
DA:3579,0
DA:3581,1
DA:3583,1
DA:3584,3
DA:3585,1
DA:3586,2
DA:3587,3
DA:3588,3
DA:3589,1
DA:3590,2
DA:3591,3
DA:3592,3
DA:3593,3
DA:3594,3
DA:3597,1
DA:3599,1
DA:3600,1
DA:3601,2
DA:3610,3
DA:3613,3
DA:3615,3
DA:3616,3
DA:3618,3
DA:3621,3
DA:3624,6
DA:3626,1
DA:3627,2
DA:3629,1
DA:3630,1
DA:3632,2
DA:3634,1
DA:3635,2
DA:3636,2
DA:3640,3
DA:3642,3
DA:3643,0
DA:3644,3
DA:3646,9
DA:3650,3
DA:3652,3
DA:3653,9
DA:3656,3
DA:3658,9
DA:3659,3
DA:3662,3
DA:3663,3
DA:3720,3
DA:3726,6
DA:3728,3
DA:3729,6
DA:3730,2
DA:3731,2
DA:3734,6
DA:3736,3
DA:3737,6
DA:3738,3
DA:3739,3
DA:3742,3
DA:3744,3
DA:3745,3
DA:3746,2
DA:3750,4
DA:3751,4
DA:3752,6
DA:3755,4
DA:3756,8
DA:3760,0
DA:3766,0
DA:3768,0
DA:3769,0
DA:3770,0
DA:3775,3
DA:3777,6
DA:3779,3
DA:3780,6
DA:3781,3
DA:3782,3
DA:3790,6
DA:3792,3
DA:3793,12
DA:3795,3
DA:3796,3
DA:3799,6
DA:3801,3
DA:3802,6
DA:3803,2
DA:3804,2
DA:3807,6
DA:3809,3
DA:3810,6
DA:3811,1
DA:3812,1
DA:3815,3
DA:3817,3
DA:3818,3
DA:3819,3
DA:3820,9
DA:3822,3
DA:3823,3
DA:3825,3
DA:3826,6
DA:3827,3
DA:3829,3
DA:3833,6
DA:3835,9
DA:3837,3
DA:3838,3
DA:3839,6
DA:3841,6
DA:3843,2
DA:3844,4
DA:3847,6
DA:3850,3
DA:3854,3
DA:3856,3
DA:3860,3
DA:3861,3
DA:3864,3
DA:3868,0
DA:3872,0
DA:3873,0
DA:3874,0
DA:3875,0
DA:3876,0
DA:3877,0
DA:3882,3
DA:3886,3
DA:3888,6
DA:3889,3
DA:3893,3
DA:3895,6
DA:3896,3
DA:3900,3
DA:3902,6
DA:3903,3
DA:3907,1
DA:3910,1
DA:3911,5
DA:3913,2
DA:3914,2
DA:3915,2
DA:3916,3
LF:1521
LH:1078
end_of_record
SF:lib/src/base/mongol_paragraph.dart
DA:33,12
DA:55,24
DA:60,22
DA:66,14
DA:72,20
DA:75,2
DA:76,4
DA:79,8
DA:83,0
DA:84,0
DA:87,0
DA:97,9
DA:98,9
DA:107,12
DA:108,24
DA:110,12
DA:111,24
DA:112,12
DA:113,12
DA:114,12
DA:115,12
DA:122,12
DA:123,24
DA:126,24
DA:127,20
DA:128,10
DA:137,48
DA:139,24
DA:140,12
DA:141,12
DA:143,24
DA:144,4
DA:149,12
DA:150,24
DA:153,12
DA:155,5
DA:156,5
DA:162,12
DA:167,24
DA:168,12
DA:169,12
DA:174,8
DA:175,6
DA:179,12
DA:180,24
DA:181,36
DA:184,12
DA:185,24
DA:186,1
DA:189,12
DA:190,12
DA:191,12
DA:192,24
DA:195,12
DA:197,24
DA:198,36
DA:200,12
DA:205,12
DA:209,24
DA:210,48
DA:211,36
DA:212,12
DA:213,12
DA:215,12
DA:218,12
DA:219,12
DA:223,8
DA:224,24
DA:225,8
DA:226,24
DA:231,8
DA:235,16
DA:236,3
DA:244,16
DA:245,24
DA:246,16
DA:247,8
DA:252,10
DA:257,31
DA:258,16
DA:260,16
DA:261,8
DA:267,12
DA:268,6
DA:269,2
DA:271,10
DA:276,8
DA:277,8
DA:278,8
DA:279,16
DA:280,24
DA:283,8
DA:285,8
DA:286,8
DA:291,10
DA:292,10
DA:295,10
DA:296,30
DA:299,20
DA:302,40
DA:303,20
DA:306,30
DA:307,10
DA:310,40
DA:311,10
DA:314,10
DA:317,10
DA:319,10
DA:322,10
DA:323,10
DA:325,3
DA:326,0
DA:327,0
DA:329,3
DA:330,8
DA:331,2
DA:333,1
DA:335,0
DA:336,0
DA:337,0
DA:338,0
DA:342,10
DA:343,20
DA:344,20
DA:345,0
DA:346,0
DA:347,0
DA:348,0
DA:349,0
DA:351,0
DA:353,20
DA:354,10
DA:355,20
DA:357,10
DA:360,10
DA:372,5
DA:373,5
DA:376,10
DA:377,20
DA:382,5
DA:388,20
DA:389,10
DA:390,10
DA:394,5
DA:395,3
DA:396,4
DA:401,20
DA:404,5
DA:406,12
DA:410,5
DA:411,15
DA:415,10
DA:416,10
DA:419,5
DA:422,5
DA:423,5
DA:427,10
DA:431,15
DA:436,5
DA:437,5
DA:438,15
DA:442,5
DA:451,20
DA:452,10
DA:455,10
DA:460,10
DA:461,10
DA:466,20
DA:467,10
DA:468,10
DA:469,10
DA:476,20
DA:477,20
DA:478,10
DA:481,5
DA:482,8
DA:485,4
DA:491,5
DA:494,5
DA:495,1
DA:496,1
DA:498,10
DA:499,5
DA:500,15
DA:504,5
DA:505,5
DA:508,10
DA:513,10
DA:516,5
DA:523,5
DA:524,5
DA:525,15
DA:526,15
DA:528,4
DA:532,4
DA:537,4
DA:538,4
DA:539,4
DA:540,12
DA:541,4
DA:542,8
DA:543,2
DA:545,4
DA:548,4
DA:551,4
DA:552,12
DA:556,12
DA:558,4
DA:559,8
DA:560,16
DA:561,3
DA:563,16
DA:564,3
DA:567,8
DA:582,2
DA:583,2
DA:584,6
DA:588,6
DA:589,2
DA:590,2
DA:592,2
DA:593,4
DA:594,4
DA:595,8
DA:596,10
DA:597,2
DA:598,2
DA:600,2
DA:601,1
DA:608,10
DA:609,2
DA:611,2
DA:621,26
DA:628,0
DA:630,0
DA:631,0
DA:634,0
DA:635,0
DA:637,0
DA:638,0
DA:656,12
DA:677,0
DA:682,12
DA:690,11
DA:691,22
DA:692,22
DA:695,6
DA:696,9
DA:705,11
DA:706,22
DA:714,12
DA:715,24
DA:716,46
DA:717,12
DA:718,24
DA:719,36
DA:728,12
DA:729,12
DA:730,12
DA:732,24
DA:737,24
DA:738,12
DA:739,36
DA:740,36
DA:741,24
DA:742,12
DA:743,24
DA:744,12
DA:745,12
DA:747,12
DA:751,12
DA:752,12
DA:754,24
DA:755,12
DA:760,12
DA:762,24
DA:763,12
DA:764,12
DA:765,12
DA:769,12
DA:770,36
DA:771,12
DA:772,24
DA:774,48
DA:775,20
DA:776,5
DA:777,8
DA:781,4
DA:782,4
DA:783,8
DA:786,12
DA:787,12
DA:788,48
DA:791,12
DA:792,36
DA:793,22
DA:794,4
DA:797,12
DA:798,12
DA:799,7
DA:802,12
DA:803,12
DA:806,4
DA:808,2
DA:810,4
DA:811,2
DA:812,2
DA:813,6
DA:820,13
DA:823,13
DA:824,26
DA:828,13
DA:837,13
DA:838,52
DA:847,13
DA:849,13
DA:850,0
DA:853,13
DA:859,13
DA:861,13
DA:862,13
DA:865,13
DA:866,8
DA:867,4
DA:871,13
DA:872,26
DA:873,26
DA:874,13
DA:875,11
DA:876,33
DA:878,13
DA:879,6
DA:880,12
DA:883,12
DA:884,8
DA:888,13
DA:890,39
DA:891,39
DA:894,13
DA:898,13
DA:899,26
DA:921,13
DA:924,26
DA:927,13
DA:928,8
DA:931,13
DA:932,6
DA:935,6
DA:936,6
DA:938,3
DA:939,3
DA:940,6
DA:944,6
DA:951,6
DA:952,6
DA:955,6
DA:956,6
DA:959,6
DA:965,6
DA:966,6
DA:972,12
DA:984,12
DA:1009,12
DA:1010,12
DA:1011,10
DA:1013,24
DA:1018,12
DA:1019,12
DA:1020,10
DA:1022,24
DA:1025,10
DA:1026,10
DA:1027,3
DA:1028,9
DA:1029,9
DA:1030,6
DA:1031,3
DA:1033,20
DA:1045,12
DA:1064,11
DA:1065,22
DA:1068,11
DA:1069,22
DA:1072,36
DA:1074,33
LF:385
LH:361
end_of_record
SF:lib/src/base/mongol_text_painter.dart
DA:24,4
DA:37,8
DA:40,1
DA:41,1
DA:43,1
DA:44,1
DA:46,1
DA:48,1
DA:75,11
DA:81,11
DA:82,1
DA:98,9
DA:99,9
DA:100,9
DA:101,9
DA:102,9
DA:116,22
DA:118,8
DA:119,8
DA:120,16
DA:121,32
DA:122,7
DA:124,8
DA:125,8
DA:133,18
DA:135,4
DA:136,8
DA:139,4
DA:140,4
DA:149,22
DA:151,3
DA:152,6
DA:153,3
DA:154,3
DA:155,3
DA:174,22
DA:176,1
DA:177,0
DA:178,2
DA:181,0
DA:182,0
DA:192,22
DA:196,1
DA:197,1
DA:198,2
DA:201,1
DA:202,1
DA:207,11
DA:210,33
DA:213,11
DA:214,11
DA:215,11
DA:219,3
DA:225,6
DA:226,3
DA:227,3
DA:247,4
DA:248,4
DA:249,8
DA:250,8
DA:251,12
DA:253,4
DA:254,8
DA:255,4
DA:257,8
DA:260,11
DA:261,11
DA:268,7
DA:269,7
DA:270,21
DA:277,10
DA:278,10
DA:279,30
DA:285,11
DA:286,11
DA:287,33
DA:293,11
DA:294,11
DA:295,33
DA:301,11
DA:302,11
DA:303,33
DA:310,2
DA:311,2
DA:313,2
DA:314,4
DA:315,0
DA:316,0
DA:331,8
DA:332,8
DA:333,16
DA:346,11
DA:347,11
DA:348,11
DA:349,22
DA:350,22
DA:351,11
DA:352,11
DA:353,11
DA:354,11
DA:355,11
DA:356,11
DA:357,11
DA:358,11
DA:360,22
DA:361,22
DA:363,11
DA:364,11
DA:366,11
DA:367,11
DA:368,33
DA:369,11
DA:370,20
DA:371,20
DA:372,30
DA:377,11
DA:381,11
DA:382,0
DA:386,11
DA:387,11
DA:388,11
DA:390,11
DA:391,11
DA:393,10
DA:394,5
DA:397,11
DA:413,11
DA:414,11
DA:415,11
DA:416,1
DA:421,11
DA:422,20
DA:430,4
DA:431,8
DA:438,4
DA:439,8
DA:444,3
DA:445,6
DA:447,8
DA:452,3
DA:453,9
DA:455,8
DA:463,4
DA:464,8
DA:465,16
DA:471,4
DA:472,12
DA:473,4
DA:475,4
DA:476,4
DA:477,4
DA:478,8
DA:480,4
DA:486,6
DA:493,2
DA:496,4
DA:500,4
DA:501,4
DA:502,7
DA:505,4
DA:506,24
DA:507,12
DA:514,4
DA:515,8
DA:518,20
DA:521,4
DA:522,4
DA:523,4
DA:525,4
DA:526,4
DA:527,4
DA:528,8
DA:531,4
DA:537,6
DA:544,2
DA:547,4
DA:548,4
DA:549,24
DA:550,12
DA:555,3
DA:556,3
DA:557,3
DA:558,3
DA:559,0
DA:561,0
DA:562,0
DA:563,0
DA:564,0
DA:571,4
DA:572,4
DA:573,8
DA:579,3
DA:580,3
DA:581,6
DA:597,4
DA:598,4
DA:599,8
DA:600,6
DA:603,4
DA:605,4
DA:606,4
DA:608,4
DA:609,3
DA:612,4
DA:614,4
DA:615,4
DA:619,8
DA:620,15
DA:621,12
DA:625,4
DA:626,4
DA:630,3
DA:631,3
DA:632,6
DA:633,3
DA:634,3
DA:639,7
DA:640,7
DA:641,14
DA:651,4
DA:652,4
DA:653,8
DA:659,1
DA:660,1
DA:661,2
LF:225
LH:214
end_of_record
SF:lib/src/text/mongol_text.dart
DA:79,10
DA:90,0
DA:94,3
DA:101,1
DA:112,0
DA:116,0
DA:175,8
DA:177,8
DA:178,8
DA:179,14
DA:180,16
DA:182,8
DA:184,0
DA:186,16
DA:187,8
DA:188,8
DA:189,16
DA:190,16
DA:191,16
DA:192,16
DA:193,8
DA:195,8
DA:196,10
DA:199,8
DA:200,0
DA:202,0
DA:203,0
DA:211,0
DA:213,0
DA:214,0
DA:215,0
DA:216,0
DA:219,0
DA:220,0
DA:221,0
DA:222,0
DA:223,0
DA:224,0
DA:225,0
DA:226,0
DA:227,0
LF:41
LH:20
end_of_record
SF:lib/src/text/mongol_rich_text.dart
DA:71,9
DA:79,2
DA:80,8
DA:111,8
DA:113,8
DA:114,8
DA:115,8
DA:116,8
DA:117,8
DA:118,8
DA:119,8
DA:123,6
DA:127,12
DA:128,12
DA:129,12
DA:130,12
DA:131,12
DA:132,12
DA:135,0
DA:137,0
DA:138,0
DA:139,0
DA:141,0
DA:142,0
DA:144,0
DA:145,0
DA:146,0
LF:27
LH:18
end_of_record
SF:lib/src/dialog/mongol_alert_dialog.dart
DA:13,0
DA:21,0
DA:35,0
DA:37,0
DA:38,0
DA:39,0
DA:41,0
DA:42,0
DA:43,0
DA:49,0
DA:50,0
DA:52,0
DA:53,0
DA:54,0
DA:55,0
DA:57,0
DA:58,0
DA:60,0
DA:71,0
DA:86,0
DA:102,0
DA:104,0
DA:105,0
DA:110,0
DA:111,0
DA:112,0
DA:113,0
DA:114,0
DA:115,0
DA:116,0
DA:117,0
DA:118,0
DA:121,0
DA:127,0
DA:128,0
DA:129,0
DA:130,0
DA:131,0
DA:132,0
DA:133,0
DA:134,0
DA:139,0
DA:140,0
DA:141,0
DA:142,0
DA:143,0
DA:144,0
DA:150,0
DA:151,0
DA:152,0
DA:153,0
DA:156,0
DA:157,0
DA:158,0
DA:162,0
DA:165,0
DA:166,0
DA:173,0
DA:174,0
DA:175,0
DA:176,0
LF:61
LH:0
end_of_record
SF:lib/src/editing/mongol_text_field.dart
DA:39,1
DA:42,1
DA:46,0
DA:48,0
DA:49,0
DA:50,0
DA:54,0
DA:59,1
DA:61,2
DA:62,4
DA:63,1
DA:64,1
DA:65,0
DA:66,0
DA:70,1
DA:71,0
DA:72,0
DA:73,0
DA:74,2
DA:75,3
DA:76,1
DA:84,1
DA:86,2
DA:87,2
DA:88,4
DA:89,1
DA:90,1
DA:108,1
DA:109,1
DA:110,1
DA:111,1
DA:112,2
DA:116,2
DA:117,3
DA:118,4
DA:122,1
DA:124,2
DA:125,4
DA:126,1
DA:127,1
DA:128,0
DA:129,0
DA:133,1
DA:134,0
DA:135,0
DA:136,0
DA:137,2
DA:138,3
DA:316,2
DA:360,2
DA:361,1
DA:362,0
DA:364,0
DA:368,0
DA:371,1
DA:373,0
DA:374,1
DA:375,1
DA:378,0
DA:379,0
DA:383,1
DA:396,1
DA:954,2
DA:1165,1
DA:1166,1
DA:1168,1
DA:1170,1
DA:1171,2
DA:1172,1
DA:1174,3
DA:1177,3
DA:1178,2
DA:1179,1
DA:1181,2
DA:1182,1
DA:1184,1
DA:1185,2
DA:1186,1
DA:1187,2
DA:1188,2
DA:1189,1
DA:1191,3
DA:1193,3
DA:1195,2
DA:1196,1
DA:1198,3
DA:1199,3
DA:1200,1
DA:1201,2
DA:1202,3
DA:1203,2
DA:1204,1
DA:1206,3
DA:1208,2
DA:1209,1
DA:1212,3
DA:1214,3
DA:1215,3
DA:1218,3
DA:1219,2
DA:1220,1
DA:1222,2
DA:1223,1
DA:1225,2
DA:1226,1
DA:1229,2
DA:1230,1
DA:1232,2
DA:1233,1
DA:1235,2
DA:1236,1
DA:1245,1
DA:1246,4
DA:1249,1
DA:1250,4
DA:1254,0
DA:1255,0
DA:1256,0
DA:1257,0
DA:1272,1
DA:1273,2
DA:1276,6
DA:1278,6
DA:1280,1
DA:1281,2
DA:1282,3
DA:1283,8
DA:1285,1
DA:1286,4
DA:1288,1
DA:1289,2
DA:1290,2
DA:1291,2
DA:1292,2
DA:1293,1
DA:1294,1
DA:1295,5
DA:1299,1
DA:1300,1
DA:1304,1
DA:1305,1
DA:1306,1
DA:1307,2
DA:1308,2
DA:1309,3
DA:1310,1
DA:1312,2
DA:1317,0
DA:1323,1
DA:1326,2
DA:1330,1
DA:1334,3
DA:1336,4
DA:1338,6
DA:1340,1
DA:1343,1
DA:1344,0
DA:1345,0
DA:1346,0
DA:1347,0
DA:1353,1
DA:1359,1
DA:1361,1
DA:1362,1
DA:1363,1
DA:1364,2
DA:1365,1
DA:1367,3
DA:1370,1
DA:1371,3
DA:1374,1
DA:1375,1
DA:1376,1
DA:1381,1
DA:1383,1
DA:1384,3
DA:1387,1
DA:1389,1
DA:1390,3
DA:1391,3
DA:1392,3
DA:1393,2
DA:1394,2
DA:1395,1
DA:1397,3
DA:1398,2
DA:1399,4
DA:1400,1
DA:1401,3
DA:1402,3
DA:1407,1
DA:1409,1
DA:1410,1
DA:1414,1
DA:1415,1
DA:1416,2
DA:1419,1
DA:1420,1
DA:1421,1
DA:1422,1
DA:1423,1
DA:1424,1
DA:1425,1
DA:1429,1
DA:1430,2
DA:1432,1
DA:1434,2
DA:1435,2
DA:1436,1
DA:1439,3
DA:1441,1
DA:1442,2
DA:1445,1
DA:1448,2
DA:1452,1
DA:1454,5
DA:1458,1
DA:1460,1
DA:1462,3
DA:1467,1
DA:1469,1
DA:1470,2
DA:1471,2
DA:1472,1
DA:1476,3
DA:1477,1
DA:1478,1
DA:1479,1
DA:1480,0
DA:1483,1
DA:1484,1
DA:1485,1
DA:1486,1
DA:1492,1
DA:1493,3
DA:1494,2
DA:1498,1
DA:1499,2
DA:1500,2
DA:1501,1
DA:1506,1
DA:1508,1
DA:1509,1
DA:1511,3
DA:1512,4
DA:1513,3
DA:1514,3
DA:1518,1
DA:1519,1
DA:1520,5
DA:1522,3
DA:1523,1
DA:1524,1
DA:1525,1
DA:1526,2
DA:1529,2
DA:1532,2
DA:1534,2
DA:1536,1
DA:1537,1
DA:1538,1
DA:1539,1
DA:1540,1
DA:1543,2
DA:1544,1
DA:1545,2
DA:1547,1
DA:1548,3
DA:1551,1
DA:1552,1
DA:1553,1
DA:1554,1
DA:1557,2
DA:1558,1
DA:1559,2
DA:1561,1
DA:1562,3
DA:1565,1
DA:1566,1
DA:1567,1
DA:1568,1
DA:1570,3
DA:1571,1
DA:1572,3
DA:1575,1
DA:1576,1
DA:1577,1
DA:1578,1
DA:1580,3
DA:1581,1
DA:1582,3
DA:1586,1
DA:1587,1
DA:1588,1
DA:1589,1
DA:1590,1
DA:1591,3
DA:1592,2
DA:1593,2
DA:1594,1
DA:1597,2
DA:1598,2
DA:1600,2
DA:1601,2
DA:1602,2
DA:1603,2
DA:1604,2
DA:1605,2
DA:1606,2
DA:1607,2
DA:1608,2
DA:1611,2
DA:1612,2
DA:1613,1
DA:1614,2
DA:1615,2
DA:1616,2
DA:1617,1
DA:1622,2
DA:1623,2
DA:1628,2
DA:1630,2
DA:1631,2
DA:1632,2
DA:1633,2
DA:1634,2
DA:1640,2
DA:1641,1
DA:1642,2
DA:1643,1
DA:1644,1
DA:1645,1
DA:1646,2
DA:1647,2
DA:1648,2
DA:1649,1
DA:1650,1
DA:1651,3
DA:1652,2
DA:1659,1
DA:1660,2
DA:1662,2
DA:1663,2
DA:1664,2
DA:1665,2
DA:1670,5
DA:1671,2
DA:1676,1
DA:1678,2
DA:1679,0
DA:1680,1
DA:1681,1
DA:1682,1
DA:1684,1
DA:1685,1
DA:1687,1
DA:1688,2
DA:1690,0
DA:1691,0
DA:1692,0
DA:1693,0
DA:1694,0
DA:1696,0
DA:1701,2
LF:364
LH:326
end_of_record
SF:lib/src/editing/alignment.dart
DA:25,10
DA:28,0
DA:43,0
DA:45,0
LF:4
LH:1
end_of_record
SF:lib/src/editing/input_border.dart
DA:43,11
DA:49,1
DA:62,1
DA:65,1
DA:68,1
DA:69,0
DA:70,1
DA:74,0
DA:76,0
DA:79,0
DA:81,0
DA:84,0
DA:86,0
DA:87,0
DA:88,0
DA:91,0
DA:93,0
DA:96,1
DA:98,1
DA:99,1
DA:100,3
DA:101,3
DA:104,0
DA:107,0
DA:109,0
DA:110,0
DA:111,0
DA:112,0
DA:115,0
DA:121,1
DA:130,3
DA:131,3
DA:132,0
DA:134,5
DA:137,1
DA:140,3
DA:141,4
DA:144,0
DA:145,0
LF:39
LH:18
end_of_record
SF:lib/src/menu/mongol_popup_menu.dart
DA:75,2
DA:114,0
DA:115,0
DA:123,0
DA:126,0
DA:127,0
DA:131,0
DA:132,0
DA:140,1
DA:144,1
DA:148,1
DA:150,2
DA:153,1
DA:156,2
DA:161,2
DA:165,1
DA:167,1
DA:170,2
DA:173,1
DA:175,1
DA:176,0
DA:178,3
DA:179,5
DA:180,2
DA:181,1
DA:183,3
DA:226,2
DA:236,1
DA:290,1
DA:291,2
DA:293,1
DA:295,1
DA:322,1
DA:323,2
DA:331,1
DA:333,3
DA:335,4
DA:338,1
DA:340,1
DA:341,1
DA:342,2
DA:343,1
DA:344,2
DA:346,4
DA:348,1
DA:351,1
DA:353,3
DA:354,2
DA:356,1
DA:360,2
DA:361,2
DA:362,1
DA:363,1
DA:368,1
DA:369,2
DA:371,3
DA:375,1
DA:376,1
DA:377,2
DA:379,1
DA:380,3
DA:381,2
DA:391,1
DA:395,1
DA:400,1
DA:402,1
DA:403,4
DA:405,1
DA:406,1
DA:408,5
DA:409,2
DA:410,3
DA:411,1
DA:412,2
DA:413,1
DA:415,3
DA:416,2
DA:417,3
DA:418,3
DA:419,1
DA:420,2
DA:424,1
DA:425,1
DA:426,1
DA:427,3
DA:429,1
DA:438,1
DA:439,2
DA:441,6
DA:443,1
DA:448,1
DA:450,1
DA:454,1
DA:455,1
DA:460,1
DA:469,1
DA:470,2
DA:471,1
DA:472,1
DA:473,3
DA:474,1
DA:475,3
DA:476,3
DA:478,3
DA:479,1
DA:481,3
DA:482,3
DA:495,1
DA:520,1
DA:524,3
DA:525,2
DA:529,1
DA:535,7
DA:537,2
DA:538,1
DA:540,3
DA:541,4
DA:543,6
DA:544,3
DA:549,5
DA:551,0
DA:554,2
DA:559,4
DA:560,3
DA:561,3
DA:562,5
DA:563,0
DA:565,4
DA:566,3
DA:567,3
DA:568,5
DA:569,7
DA:572,1
DA:575,1
DA:580,5
DA:582,3
DA:583,3
DA:584,3
DA:585,3
DA:590,1
DA:600,2
DA:612,1
DA:614,1
DA:615,1
DA:621,1
DA:624,1
DA:627,1
DA:633,1
DA:637,1
DA:639,3
DA:640,1
DA:641,4
DA:646,2
DA:647,1
DA:648,1
DA:654,1
DA:655,1
DA:656,1
DA:657,1
DA:658,1
DA:659,1
DA:661,1
DA:663,2
DA:724,1
DA:735,1
DA:737,2
DA:740,1
DA:741,2
DA:747,2
DA:751,2
DA:829,1
DA:847,1
DA:850,1
DA:944,1
DA:946,1
DA:962,1
DA:963,2
DA:964,2
DA:966,5
DA:967,1
DA:968,1
DA:969,3
DA:970,1
DA:971,5
DA:974,2
DA:976,4
DA:978,1
DA:979,1
DA:980,1
DA:981,3
DA:983,2
DA:985,3
DA:986,3
DA:987,2
DA:988,1
DA:990,3
DA:993,3
DA:998,1
DA:999,3
DA:1002,1
DA:1003,2
DA:1004,1
DA:1009,1
DA:1011,2
DA:1012,2
DA:1015,2
DA:1016,1
DA:1018,4
DA:1019,1
DA:1020,3
DA:1021,1
DA:1022,2
DA:1028,1
DA:1029,5
DA:1030,2
DA:1031,2
DA:1033,4
DA:1034,3
LF:218
LH:208
end_of_record
SF:lib/src/menu/mongol_tooltip.dart
DA:112,2
DA:126,2
DA:216,2
DA:217,2
DA:219,0
DA:221,0
DA:222,0
DA:223,0
DA:224,0
DA:226,0
DA:228,0
DA:230,0
DA:231,0
DA:236,0
DA:237,0
DA:241,0
DA:243,0
DA:276,2
DA:278,2
DA:279,8
DA:280,4
DA:284,4
DA:286,4
DA:287,4
DA:290,8
DA:294,2
DA:295,4
DA:296,2
DA:297,2
DA:298,2
DA:299,2
DA:306,2
DA:307,4
DA:308,2
DA:309,2
DA:310,2
DA:311,2
DA:318,2
DA:319,4
DA:320,2
DA:321,2
DA:322,2
DA:323,2
DA:331,0
DA:332,0
DA:336,0
DA:337,0
DA:338,0
DA:339,0
DA:344,0
DA:345,0
DA:346,0
DA:350,0
DA:351,0
DA:352,0
DA:354,0
DA:357,0
DA:359,0
DA:363,0
DA:365,0
DA:368,0
DA:369,0
DA:370,0
DA:372,0
DA:375,0
DA:382,0
DA:383,0
DA:384,0
DA:385,0
DA:387,0
DA:388,0
DA:389,0
DA:392,0
DA:393,0
DA:397,0
DA:398,0
DA:399,0
DA:400,0
DA:403,0
DA:404,0
DA:405,0
DA:406,0
DA:412,0
DA:414,0
DA:415,0
DA:416,0
DA:417,0
DA:418,0
DA:419,0
DA:420,0
DA:421,0
DA:422,0
DA:426,0
DA:427,0
DA:430,0
DA:431,0
DA:432,0
DA:435,0
DA:436,0
DA:437,0
DA:438,0
DA:439,0
DA:440,0
DA:441,0
DA:444,2
DA:445,2
DA:448,0
DA:449,0
DA:450,0
DA:451,0
DA:455,2
DA:457,2
DA:458,0
DA:460,2
DA:461,2
DA:464,2
DA:466,4
DA:467,4
DA:468,4
DA:469,4
DA:470,2
DA:471,0
DA:473,4
DA:474,2
DA:477,0
DA:478,0
DA:479,0
DA:481,0
DA:485,2
DA:487,4
DA:488,2
DA:489,2
DA:492,4
DA:493,0
DA:495,0
DA:497,0
DA:498,0
DA:502,6
DA:504,2
DA:506,2
DA:507,4
DA:512,10
DA:513,10
DA:514,8
DA:515,6
DA:516,2
DA:518,2
DA:519,6
DA:520,6
DA:521,2
DA:523,2
DA:524,6
DA:525,8
DA:526,6
DA:527,2
DA:529,6
DA:530,2
DA:533,2
DA:535,2
DA:537,2
DA:538,6
DA:539,4
DA:544,2
DA:545,0
DA:546,0
DA:547,0
DA:562,0
DA:582,0
DA:584,0
DA:586,0
DA:588,0
DA:591,0
DA:592,0
DA:593,0
DA:597,0
DA:599,0
DA:600,0
DA:601,0
DA:606,0
DA:618,0
DA:631,0
DA:633,0
DA:634,0
DA:635,0
DA:636,0
DA:637,0
DA:638,0
DA:639,0
DA:641,0
DA:642,0
DA:643,0
DA:644,0
DA:645,0
DA:646,0
DA:647,0
DA:648,0
DA:649,0
DA:650,0
DA:651,0
DA:654,0
DA:655,0
DA:656,0
DA:699,0
DA:709,0
DA:711,0
DA:716,0
DA:718,0
DA:722,0
DA:723,0
DA:726,0
DA:727,0
DA:728,0
DA:730,0
DA:731,0
DA:733,0
DA:736,0
LF:216
LH:75
end_of_record
SF:lib/src/list/mongol_list_tile.dart
DA:39,11
DA:55,1
DA:61,0
DA:78,0
DA:79,0
DA:80,0
DA:81,0
DA:83,0
DA:84,0
DA:85,0
DA:86,0
DA:87,0
DA:88,0
DA:89,0
DA:90,0
DA:91,0
DA:92,0
DA:93,0
DA:95,0
DA:96,0
DA:166,1
DA:168,1
DA:172,0
DA:174,0
DA:175,0
DA:176,0
DA:177,0
DA:178,0
DA:179,0
DA:180,0
DA:181,0
DA:182,0
DA:183,0
DA:184,0
DA:185,0
DA:186,0
DA:187,0
DA:192,1
DA:194,3
DA:195,3
DA:196,3
DA:197,3
DA:198,3
DA:199,3
DA:200,3
DA:201,3
DA:202,3
DA:203,3
DA:204,3
DA:205,3
DA:206,3
DA:407,2
DA:433,0
DA:434,1
DA:640,1
DA:641,2
DA:643,2
DA:644,1
DA:647,3
DA:649,1
DA:650,1
DA:653,3
DA:654,1
DA:655,1
DA:656,2
DA:661,1
DA:663,2
DA:665,2
DA:666,1
DA:669,3
DA:671,3
DA:676,1
DA:677,2
DA:680,1
DA:683,1
DA:684,1
DA:685,0
DA:687,1
DA:688,2
DA:692,0
DA:694,2
DA:695,1
DA:696,1
DA:697,1
DA:700,1
DA:702,2
DA:704,4
DA:705,1
DA:706,1
DA:707,1
DA:710,1
DA:712,2
DA:713,2
DA:714,1
DA:717,1
DA:718,1
DA:719,2
DA:720,2
DA:723,1
DA:724,2
DA:725,1
DA:726,1
DA:733,1
DA:735,1
DA:736,1
DA:737,1
DA:741,2
DA:742,2
DA:744,1
DA:748,1
DA:749,1
DA:752,1
DA:754,1
DA:759,1
DA:760,1
DA:763,1
DA:768,1
DA:769,1
DA:770,1
DA:773,1
DA:778,1
DA:779,1
DA:782,1
DA:784,1
DA:793,2
DA:794,1
DA:798,1
DA:799,1
DA:801,3
DA:802,1
DA:803,2
DA:807,1
DA:808,2
DA:809,2
DA:810,2
DA:812,1
DA:813,1
DA:814,1
DA:815,1
DA:816,1
DA:817,2
DA:818,1
DA:819,1
DA:820,1
DA:821,1
DA:822,1
DA:823,2
DA:824,1
DA:826,1
DA:830,1
DA:835,1
DA:836,2
DA:837,1
DA:838,1
DA:839,1
DA:841,2
DA:843,2
DA:845,2
DA:855,10
DA:863,1
DA:877,1
DA:892,1
DA:893,1
DA:895,1
DA:897,1
DA:898,1
DA:899,1
DA:900,1
DA:901,1
DA:902,1
DA:903,1
DA:904,1
DA:905,1
DA:909,1
DA:913,2
DA:914,2
DA:915,2
DA:916,2
DA:917,2
DA:918,2
DA:919,2
DA:920,2
DA:925,2
DA:929,1
DA:930,1
DA:932,1
DA:934,1
DA:936,1
DA:938,3
DA:941,0
DA:943,0
DA:944,0
DA:945,0
DA:946,0
DA:947,0
DA:950,1
DA:951,2
DA:952,1
DA:954,0
DA:957,2
DA:961,1
DA:963,1
DA:964,3
DA:965,3
DA:966,3
DA:967,3
DA:970,1
DA:971,2
DA:972,1
DA:974,2
DA:977,2
DA:981,1
DA:983,1
DA:984,2
DA:985,3
DA:986,3
DA:987,3
DA:988,3
DA:991,1
DA:993,1
DA:994,2
DA:996,1
DA:997,2
DA:999,1
DA:1000,2
DA:1002,1
DA:1003,2
DA:1008,1
DA:1010,1
DA:1011,1
DA:1012,4
DA:1015,1
DA:1017,1
DA:1018,4
DA:1019,1
DA:1020,4
DA:1023,0
DA:1026,0
DA:1031,1
DA:1051,1
DA:1054,1
DA:1055,2
DA:1058,2
DA:1059,1
DA:1065,2
DA:1066,1
DA:1067,3
DA:1071,2
DA:1072,1
DA:1073,3
DA:1077,2
DA:1078,1
DA:1079,3
DA:1083,2
DA:1084,1
DA:1085,3
DA:1096,2
DA:1098,1
DA:1099,2
DA:1100,1
DA:1101,1
DA:1104,2
DA:1106,1
DA:1107,2
DA:1108,1
DA:1109,1
DA:1112,2
DA:1114,1
DA:1115,2
DA:1116,1
DA:1117,1
DA:1120,2
DA:1122,1
DA:1123,2
DA:1124,0
DA:1125,0
DA:1128,2
DA:1130,1
DA:1131,2
DA:1132,1
DA:1133,1
DA:1136,0
DA:1138,1
DA:1139,5
DA:1141,1
DA:1142,2
DA:1143,0
DA:1144,0
DA:1147,0
DA:1150,1
DA:1151,2
DA:1152,0
DA:1153,0
DA:1156,0
DA:1159,1
DA:1160,2
DA:1161,0
DA:1162,0
DA:1165,1
DA:1167,1
DA:1168,1
DA:1169,0
DA:1173,1
DA:1175,1
DA:1176,2
DA:1177,1
DA:1181,1
DA:1183,3
DA:1186,1
DA:1188,2
DA:1191,0
DA:1193,0
DA:1194,0
DA:1195,0
DA:1198,0
DA:1199,0
DA:1200,0
DA:1201,0
DA:1205,1
DA:1208,1
DA:1209,1
DA:1212,1
DA:1213,1
DA:1216,1
DA:1218,1
DA:1219,5
DA:1220,1
DA:1222,1
DA:1223,6
DA:1224,2
DA:1227,1
DA:1229,1
DA:1230,5
DA:1231,1
DA:1233,1
DA:1234,6
DA:1235,2
DA:1238,1
DA:1239,1
DA:1240,1
DA:1241,1
DA:1243,2
DA:1244,3
DA:1245,3
DA:1246,3
DA:1249,1
DA:1251,1
DA:1252,1
DA:1253,3
DA:1254,2
DA:1258,1
DA:1260,1
DA:1263,0
DA:1268,1
DA:1269,1
DA:1272,1
DA:1274,1
DA:1275,1
DA:1278,1
DA:1279,1
DA:1280,1
DA:1283,1
DA:1285,1
DA:1294,1
DA:1296,1
DA:1297,1
DA:1298,1
DA:1299,1
DA:1300,1
DA:1301,1
DA:1302,2
DA:1304,1
DA:1310,3
DA:1312,1
DA:1314,1
DA:1316,1
DA:1317,2
DA:1318,2
DA:1320,3
DA:1326,3
DA:1333,4
DA:1334,1
DA:1337,4
DA:1340,2
DA:1341,1
DA:1342,2
DA:1344,2
DA:1345,2
DA:1350,1
DA:1351,1
DA:1352,1
DA:1353,1
DA:1354,1
DA:1356,0
DA:1359,1
DA:1365,1
DA:1366,4
DA:1367,3
DA:1369,1
DA:1370,4
DA:1371,1
DA:1372,4
DA:1373,3
DA:1379,3
DA:1380,1
DA:1381,0
DA:1382,0
DA:1388,2
DA:1389,5
DA:1392,6
DA:1393,1
DA:1394,3
DA:1409,1
DA:1413,4
DA:1414,3
DA:1418,3
DA:1420,3
DA:1422,3
DA:1425,1
DA:1426,4
DA:1429,3
DA:1430,4
DA:1431,4
DA:1434,1
DA:1436,1
DA:1438,1
DA:1439,3
DA:1443,2
DA:1444,2
DA:1445,2
DA:1446,2
DA:1449,1
DA:1452,1
DA:1454,2
DA:1455,1
DA:1456,1
DA:1457,1
DA:1459,1
DA:1460,3
DA:1461,1
LF:440
LH:371
end_of_record
SF:lib/src/button/mongol_icon_button.dart
DA:32,3
DA:53,1
DA:54,2
DA:84,2
DA:86,2
DA:87,2
DA:89,2
DA:90,2
DA:92,2
DA:96,4
DA:98,2
DA:104,2
DA:106,2
DA:108,2
DA:109,2
DA:110,2
DA:111,2
DA:112,2
DA:113,2
DA:114,2
DA:115,2
DA:116,2
DA:117,2
DA:120,2
DA:127,2
DA:128,2
DA:129,2
DA:134,2
DA:136,2
DA:137,2
DA:138,2
DA:139,2
DA:140,2
DA:141,2
DA:142,2
DA:143,2
DA:145,4
DA:146,4
DA:147,4
DA:148,4
DA:149,2
DA:150,2
DA:152,16
LF:43
LH:43
end_of_record
SF:lib/src/button/mongol_text_button.dart
DA:132,2
DA:141,1
DA:202,1
DA:227,1
DA:229,1
DA:233,1
DA:236,1
DA:237,1
DA:238,1
DA:241,1
DA:242,1
DA:243,1
DA:244,1
DA:245,1
DA:248,1
DA:249,1
DA:327,1
DA:329,1
DA:330,1
DA:332,1
DA:336,2
DA:339,1
DA:340,1
DA:341,1
DA:343,1
DA:345,2
DA:354,1
DA:355,1
DA:365,1
DA:367,2
DA:373,1
DA:378,1
DA:380,1
DA:381,2
DA:383,1
DA:386,0
DA:388,0
DA:394,1
DA:398,1
DA:400,1
DA:401,2
DA:403,1
DA:404,1
DA:405,2
DA:410,0
DA:412,0
DA:419,1
DA:424,1
DA:426,2
DA:427,1
DA:432,1
DA:442,1
DA:450,1
DA:453,1
DA:455,1
DA:459,2
DA:461,2
DA:462,1
DA:468,1
DA:472,1
DA:477,1
DA:479,2
DA:481,4
DA:482,1
DA:484,5
LF:65
LH:61
end_of_record
SF:lib/src/button/mongol_outlined_button.dart
DA:85,0
DA:94,0
DA:156,0
DA:181,0
DA:183,0
DA:187,0
DA:190,0
DA:191,0
DA:193,0
DA:195,0
DA:196,0
DA:197,0
DA:198,0
DA:199,0
DA:202,0
DA:203,0
DA:266,0
DA:268,0
DA:269,0
DA:271,0
DA:275,0
DA:278,0
DA:279,0
DA:280,0
DA:282,0
DA:284,0
DA:288,0
DA:289,0
DA:296,0
DA:297,0
DA:305,0
DA:307,0
DA:314,0
DA:319,0
DA:321,0
DA:322,0
DA:324,0
DA:331,0
DA:335,0
DA:337,0
DA:338,0
DA:340,0
DA:341,0
DA:342,0
DA:351,0
DA:356,0
DA:358,0
DA:359,0
DA:364,0
DA:374,0
DA:382,0
DA:387,0
DA:391,0
DA:396,0
DA:398,0
DA:400,0
DA:401,0
DA:403,0
LF:58
LH:0
end_of_record
SF:lib/src/button/mongol_elevated_button.dart
DA:97,0
DA:106,0
DA:173,0
DA:198,0
DA:202,0
DA:204,0
DA:206,0
DA:210,0
DA:213,0
DA:214,0
DA:218,0
DA:220,0
DA:221,0
DA:222,0
DA:225,0
DA:226,0
DA:309,0
DA:311,0
DA:312,0
DA:314,0
DA:318,0
DA:321,0
DA:322,0
DA:323,0
DA:324,0
DA:325,0
DA:327,0
DA:336,0
DA:337,0
DA:347,0
DA:349,0
DA:356,0
DA:361,0
DA:363,0
DA:364,0
DA:366,0
DA:373,0
DA:378,0
DA:380,0
DA:381,0
DA:383,0
DA:390,0
DA:394,0
DA:396,0
DA:397,0
DA:399,0
DA:400,0
DA:401,0
DA:410,0
DA:414,0
DA:416,0
DA:417,0
DA:418,0
DA:419,0
DA:420,0
DA:427,0
DA:432,0
DA:434,0
DA:435,0
DA:440,0
DA:450,0
DA:458,0
DA:461,0
DA:463,0
DA:467,0
DA:469,0
DA:470,0
DA:476,0
DA:478,0
DA:483,0
DA:485,0
DA:487,0
DA:488,0
DA:490,0
LF:74
LH:0
end_of_record
SF:lib/src/dialog/mongol_button_bar.dart
DA:13,0
DA:23,0
DA:24,0
DA:25,0
DA:54,0
DA:56,0
DA:57,0
DA:59,0
DA:60,0
DA:61,0
DA:63,0
DA:64,0
DA:65,0
DA:66,0
DA:69,0
DA:70,0
DA:74,0
DA:75,0
DA:77,0
DA:79,0
DA:80,0
DA:81,0
DA:82,0
DA:83,0
DA:86,0
DA:89,0
DA:90,0
DA:91,0
DA:92,0
DA:93,0
DA:99,0
DA:100,0
DA:112,0
DA:118,0
DA:126,0
DA:128,0
DA:129,0
DA:130,0
DA:131,0
DA:132,0
DA:136,0
DA:140,0
DA:141,0
DA:142,0
DA:143,0
DA:148,0
DA:154,0
DA:164,0
DA:166,0
DA:167,0
DA:170,0
DA:172,0
DA:174,0
DA:175,0
DA:177,0
DA:178,0
DA:180,0
DA:183,0
DA:186,0
DA:187,0
DA:188,0
DA:189,0
DA:190,0
DA:191,0
DA:193,0
DA:194,0
DA:195,0
DA:198,0
DA:201,0
DA:202,0
DA:204,0
LF:71
LH:0
end_of_record
SF:lib/src/editing/mongol_editable_text.dart
DA:120,2
DA:174,4
DA:175,2
DA:176,1
DA:178,1
DA:182,0
DA:185,3
DA:188,0
DA:192,1
DA:194,2
DA:195,2
DA:196,2
DA:197,2
DA:202,2
DA:733,4
DA:844,1
DA:848,1
DA:849,1
DA:853,1
DA:864,1
DA:865,1
DA:866,1
DA:906,1
DA:908,1
DA:909,0
DA:910,0
DA:911,0
DA:916,1
DA:990,1
DA:993,2
DA:994,2
DA:996,0
DA:998,0
DA:999,0
DA:1000,0
DA:1001,0
DA:1002,0
DA:1004,0
DA:1006,0
DA:1007,0
DA:1009,0
DA:1010,0
DA:1012,0
DA:1013,0
DA:1014,0
DA:1015,0
DA:1016,0
DA:1017,0
DA:1018,0
DA:1019,0
DA:1020,0
DA:1021,0
DA:1023,0
DA:1024,0
DA:1026,0
DA:1027,0
DA:1029,0
DA:1030,0
DA:1066,2
DA:1067,2
DA:1085,6
DA:1091,2
DA:1092,6
DA:1094,2
DA:1095,10
DA:1097,2
DA:1098,10
DA:1100,2
DA:1101,6
DA:1103,2
DA:1104,10
DA:1106,2
DA:1107,6
DA:1109,2
DA:1110,4
DA:1117,2
DA:1119,2
DA:1120,6
DA:1121,8
DA:1122,10
DA:1123,8
DA:1124,8
DA:1125,6
DA:1126,3
DA:1128,2
DA:1129,2
DA:1130,6
DA:1131,8
DA:1134,2
DA:1136,2
DA:1138,4
DA:1139,4
DA:1140,0
DA:1141,0
DA:1142,0
DA:1143,0
DA:1146,6
DA:1147,2
DA:1148,6
DA:1149,2
DA:1150,10
DA:1156,2
DA:1158,2
DA:1159,8
DA:1160,6
DA:1161,8
DA:1162,2
DA:1164,12
DA:1165,6
DA:1167,8
DA:1168,6
DA:1170,8
DA:1171,3
DA:1172,2
DA:1173,5
DA:1174,4
DA:1175,1
DA:1177,2
DA:1178,1
DA:1180,4
DA:1181,2
DA:1185,0
DA:1186,0
DA:1187,0
DA:1191,8
DA:1192,4
DA:1195,2
DA:1196,2
DA:1197,1
DA:1198,1
DA:1199,1
DA:1201,3
DA:1205,4
DA:1206,2
DA:1207,8
DA:1208,4
DA:1212,2
DA:1214,2
DA:1216,1
DA:1218,1
DA:1220,0
DA:1225,2
DA:1227,2
DA:1228,8
DA:1229,6
DA:1230,2
DA:1231,2
DA:1232,2
DA:1233,2
DA:1234,4
DA:1235,2
DA:1236,4
DA:1237,8
DA:1238,4
DA:1239,6
DA:1240,4
DA:1241,2
DA:1242,6
DA:1258,1
DA:1259,1
DA:1261,2
DA:1269,2
DA:1273,4
DA:1276,0
DA:1278,2
DA:1280,4
DA:1287,12
DA:1289,2
DA:1291,2
DA:1293,2
DA:1294,11
DA:1295,1
DA:1296,4
DA:1300,2
DA:1307,2
DA:1308,2
DA:1311,2
DA:1312,2
DA:1316,1
DA:1319,1
DA:1323,2
DA:1325,1
DA:1326,1
DA:1327,1
DA:1328,1
DA:1329,1
DA:1330,1
DA:1331,1
DA:1333,1
DA:1334,1
DA:1335,1
DA:1336,1
DA:1337,1
DA:1338,1
DA:1341,1
DA:1346,0
DA:1348,0
DA:1351,0
DA:1356,1
DA:1359,2
DA:1361,3
DA:1363,2
DA:1368,2
DA:1375,3
DA:1378,1
DA:1379,1
DA:1380,1
DA:1381,1
DA:1382,1
DA:1383,1
DA:1384,1
DA:1385,1
DA:1386,1
DA:1387,1
DA:1388,1
DA:1389,3
DA:1391,1
DA:1392,3
DA:1394,1
DA:1395,3
DA:1403,5
DA:1405,2
DA:1409,2
DA:1422,2
DA:1423,4
DA:1431,2
DA:1432,4
DA:1434,4
DA:1437,2
DA:1440,2
DA:1441,6
DA:1442,2
DA:1443,4
DA:1444,4
DA:1445,2
DA:1448,8
DA:1449,2
DA:1450,6
DA:1453,8
DA:1454,8
DA:1465,2
DA:1466,6
DA:1467,3
DA:1470,4
DA:1474,2
DA:1476,6
DA:1478,5
DA:1481,10
DA:1488,2
DA:1489,2
DA:1490,2
DA:1491,8
DA:1494,6
DA:1495,5
DA:1496,2
DA:1497,8
DA:1503,8
DA:1504,6
DA:1505,6
DA:1508,6
DA:1509,2
DA:1510,4
DA:1513,6
DA:1514,7
DA:1515,2
DA:1516,2
DA:1518,2
DA:1519,2
DA:1522,2
DA:1523,2
DA:1533,5
DA:1534,0
DA:1535,2
DA:1537,2
DA:1538,4
DA:1539,4
DA:1540,2
DA:1541,2
DA:1542,2
DA:1545,2
DA:1548,4
DA:1549,2
DA:1550,2
DA:1551,2
DA:1552,2
DA:1553,2
DA:1555,6
DA:1557,2
DA:1559,4
DA:1563,2
DA:1564,2
DA:1565,4
DA:1566,2
DA:1567,2
DA:1571,2
DA:1572,8
DA:1573,2
DA:1574,2
DA:1575,2
DA:1576,6
DA:1580,1
DA:1582,1
DA:1583,2
DA:1584,1
DA:1585,1
DA:1586,1
DA:1597,2
DA:1598,2
DA:1599,2
DA:1601,6
DA:1605,2
DA:1606,2
DA:1607,2
DA:1608,6
DA:1610,4
DA:1611,2
DA:1616,2
DA:1622,6
DA:1624,6
DA:1628,2
DA:1629,4
DA:1630,2
DA:1631,2
DA:1633,2
DA:1634,4
DA:1635,2
DA:1636,2
DA:1637,2
DA:1638,2
DA:1639,2
DA:1640,2
DA:1641,2
DA:1642,2
DA:1643,4
DA:1645,4
DA:1646,4
DA:1649,6
DA:1651,8
DA:1652,4
DA:1658,6
DA:1660,2
DA:1665,2
DA:1670,2
DA:1671,2
DA:1672,2
DA:1677,2
DA:1678,2
DA:1687,2
DA:1688,2
DA:1691,2
DA:1692,6
DA:1693,2
DA:1694,6
DA:1698,4
DA:1702,6
DA:1703,4
DA:1704,4
DA:1705,2
DA:1706,2
DA:1707,2
DA:1711,6
DA:1715,6
DA:1716,2
DA:1717,4
DA:1722,6
DA:1724,4
DA:1726,4
DA:1727,2
DA:1732,4
DA:1733,4
DA:1742,0
DA:1744,0
DA:1745,0
DA:1746,0
DA:1748,0
DA:1751,2
DA:1762,8
DA:1763,6
DA:1764,8
DA:1767,6
DA:1769,2
DA:1770,4
DA:1777,2
DA:1778,2
DA:1785,2
DA:1786,2
DA:1787,4
DA:1791,8
DA:1793,2
DA:1797,1
DA:1802,2
DA:1805,2
DA:1806,4
DA:1807,10
DA:1808,4
DA:1809,10
DA:1814,1
DA:1815,3
DA:1820,1
DA:1824,1
DA:1825,1
DA:1830,2
DA:1831,4
DA:1832,2
DA:1833,4
DA:1841,2
DA:1844,4
DA:1847,4
DA:1848,2
DA:1849,2
DA:1854,1
DA:1855,1
DA:1856,2
DA:1857,3
DA:1860,2
DA:1861,2
DA:1862,4
DA:1864,4
DA:1865,1
DA:1866,2
DA:1868,6
DA:1872,2
DA:1873,4
DA:1874,2
DA:1875,2
DA:1876,4
DA:1878,2
DA:1879,4
DA:1880,2
DA:1881,2
DA:1885,2
DA:1886,10
DA:1887,2
DA:1888,2
DA:1889,8
DA:1890,2
DA:1894,2
DA:1895,2
DA:1896,2
DA:1897,2
DA:1900,4
DA:1903,2
DA:1904,2
DA:1905,2
DA:1906,2
DA:1907,2
DA:1909,4
DA:1910,10
DA:1911,4
DA:1912,2
DA:1914,6
DA:1916,2
DA:1917,8
DA:1920,4
DA:1922,8
DA:1924,2
DA:1927,2
DA:1928,2
DA:1929,4
DA:1930,4
DA:1931,4
DA:1932,2
DA:1933,6
DA:1942,2
DA:1943,4
DA:1944,2
DA:1945,2
DA:1947,4
DA:1950,2
DA:1951,2
DA:1953,6
DA:1955,4
DA:1956,2
DA:1957,6
DA:1965,2
DA:1967,6
DA:1969,2
DA:1970,2
DA:1972,8
DA:1974,2
DA:1980,16
DA:1982,2
DA:1984,2
DA:1987,1
DA:1989,2
DA:1990,1
DA:1992,3
DA:1993,3
DA:2000,2
DA:2009,6
DA:2013,4
DA:2017,2
DA:2021,4
DA:2024,0
DA:2029,1
DA:2030,1
DA:2031,2
DA:2032,0
DA:2034,1
DA:2038,1
DA:2039,2
DA:2041,2
DA:2043,2
DA:2044,4
DA:2045,4
DA:2046,4
DA:2047,4
DA:2048,4
DA:2049,4
DA:2050,6
DA:2053,4
DA:2056,1
DA:2057,1
DA:2059,3
DA:2060,1
DA:2065,0
DA:2067,0
DA:2070,0
DA:2075,2
DA:2076,4
DA:2077,2
DA:2078,2
DA:2079,4
DA:2080,0
DA:2084,2
DA:2085,4
DA:2086,2
DA:2087,2
DA:2088,4
DA:2089,0
DA:2093,2
DA:2094,4
DA:2095,2
DA:2096,2
DA:2097,4
DA:2098,2
DA:2099,6
DA:2100,0
DA:2104,2
DA:2106,2
DA:2107,4
DA:2108,2
DA:2110,4
DA:2111,2
DA:2112,4
DA:2113,2
DA:2115,2
DA:2116,2
DA:2117,4
DA:2118,4
DA:2119,4
DA:2120,4
DA:2122,2
DA:2124,4
DA:2125,2
DA:2126,2
DA:2127,2
DA:2128,2
DA:2129,2
DA:2130,2
DA:2131,2
DA:2133,2
DA:2134,2
DA:2135,2
DA:2136,2
DA:2137,2
DA:2138,2
DA:2139,2
DA:2141,0
DA:2142,2
DA:2143,4
DA:2144,4
DA:2145,2
DA:2146,4
DA:2147,4
DA:2148,4
DA:2149,4
DA:2150,4
DA:2151,2
DA:2152,4
DA:2153,4
DA:2154,4
DA:2155,4
DA:2156,4
DA:2158,2
DA:2159,4
DA:2160,4
DA:2161,4
DA:2162,4
DA:2163,4
DA:2164,4
DA:2166,2
DA:2167,4
DA:2180,2
DA:2181,4
DA:2182,4
DA:2183,8
DA:2185,4
DA:2186,2
DA:2187,2
DA:2189,5
DA:2190,3
DA:2191,6
DA:2194,6
DA:2197,6
DA:2198,2
DA:2199,4
DA:2200,4
DA:2206,2
DA:2238,2
DA:2271,2
DA:2273,2
DA:2274,2
DA:2275,2
DA:2276,2
DA:2277,2
DA:2278,2
DA:2279,2
DA:2280,2
DA:2281,2
DA:2282,2
DA:2283,2
DA:2284,2
DA:2285,2
DA:2286,2
DA:2287,2
DA:2288,4
DA:2289,2
DA:2290,2
DA:2291,2
DA:2292,2
DA:2293,2
DA:2294,2
DA:2295,2
DA:2296,2
DA:2297,2
DA:2298,2
DA:2299,2
DA:2300,2
DA:2301,2
DA:2305,2
DA:2309,4
DA:2310,4
DA:2311,4
DA:2312,4
DA:2313,4
DA:2314,4
DA:2315,4
DA:2316,4
DA:2317,4
DA:2318,4
DA:2319,4
DA:2320,4
DA:2321,4
DA:2322,4
DA:2323,6
DA:2324,4
DA:2325,4
DA:2326,4
DA:2327,4
DA:2328,4
DA:2329,4
DA:2330,4
DA:2331,4
DA:2332,4
DA:2333,4
DA:2334,4
DA:2335,4
LF:668
LH:609
end_of_record
SF:lib/src/editing/text_selection/mongol_text_selection.dart
DA:21,10
DA:31,2
DA:47,4
DA:49,0
DA:50,0
DA:53,2
DA:54,2
DA:122,6
DA:125,1
DA:126,1
DA:137,6
DA:153,4
DA:155,2
DA:156,4
DA:159,2
DA:162,6
DA:164,3
DA:166,1
DA:171,2
DA:172,2
DA:176,4
DA:177,2
DA:178,2
DA:179,2
DA:180,2
DA:181,2
DA:182,2
DA:185,6
DA:186,4
DA:190,0
DA:191,0
DA:192,0
DA:193,0
DA:194,0
DA:199,2
DA:200,2
DA:201,6
DA:202,6
DA:203,4
DA:204,4
DA:216,2
DA:217,4
DA:218,2
DA:219,6
DA:221,6
DA:223,2
DA:231,1
DA:232,1
DA:235,2
DA:236,2
DA:237,6
DA:238,6
DA:240,3
DA:244,3
DA:247,4
DA:250,2
DA:251,2
DA:252,6
DA:253,6
DA:254,2
DA:256,2
DA:257,2
DA:264,2
DA:265,2
DA:266,4
DA:267,4
DA:268,2
DA:272,2
DA:273,2
DA:274,4
DA:277,2
DA:280,4
DA:281,2
DA:282,2
DA:283,2
DA:285,2
DA:286,2
DA:287,2
DA:288,0
DA:289,0
DA:291,2
DA:292,2
DA:293,2
DA:294,2
DA:295,2
DA:296,2
DA:298,2
DA:302,2
DA:307,2
DA:308,2
DA:311,6
DA:312,2
DA:313,4
DA:314,10
DA:316,16
DA:317,6
DA:322,4
DA:323,16
DA:325,2
DA:327,12
DA:331,2
DA:333,2
DA:334,2
DA:335,2
DA:336,2
DA:338,4
DA:339,4
DA:342,4
DA:345,2
DA:346,2
DA:347,4
DA:354,0
DA:358,0
DA:359,0
DA:361,0
DA:362,0
DA:365,0
DA:366,0
DA:369,0
DA:375,2
DA:386,2
DA:398,1
DA:400,1
DA:402,1
DA:403,1
DA:404,1
DA:405,2
DA:406,1
DA:407,2
DA:418,3
DA:420,1
DA:422,1
DA:424,2
DA:427,1
DA:428,4
DA:431,1
DA:432,3
DA:433,2
DA:435,0
DA:439,1
DA:441,1
DA:442,3
DA:443,1
DA:444,4
DA:447,1
DA:449,4
DA:450,2
DA:451,1
DA:454,0
DA:455,0
DA:456,0
DA:458,0
DA:461,0
DA:462,0
DA:463,0
DA:465,0
DA:466,0
DA:471,0
DA:472,0
DA:473,0
DA:474,0
DA:475,0
DA:478,0
DA:479,0
DA:480,0
DA:481,0
DA:486,0
DA:490,0
DA:493,1
DA:494,2
DA:495,3
DA:499,1
DA:504,2
DA:505,1
DA:506,2
DA:507,1
DA:509,1
DA:511,3
DA:512,2
DA:513,1
DA:517,3
DA:519,3
DA:521,3
DA:522,3
DA:525,1
DA:526,2
DA:527,2
DA:528,1
DA:529,1
DA:533,1
DA:534,1
DA:535,2
DA:537,1
DA:538,5
DA:539,5
DA:540,5
DA:541,5
DA:544,1
DA:546,1
DA:548,1
DA:549,1
DA:550,1
DA:552,1
DA:553,1
DA:554,1
DA:556,2
DA:557,1
DA:558,1
DA:559,1
DA:560,1
DA:561,1
DA:562,1
DA:563,1
DA:564,1
DA:565,1
DA:567,3
DA:570,3
DA:579,1
DA:580,3
DA:629,1
DA:646,2
DA:651,1
DA:653,3
DA:657,1
DA:658,2
DA:668,1
DA:670,2
DA:675,1
DA:676,1
DA:677,1
DA:678,1
DA:692,0
DA:694,0
DA:695,0
DA:696,0
DA:697,0
DA:698,0
DA:715,0
DA:717,0
DA:718,0
DA:719,0
DA:722,0
DA:733,0
DA:735,0
DA:736,0
DA:748,1
DA:762,0
DA:764,0
DA:765,0
DA:766,0
DA:781,0
DA:783,0
DA:784,0
DA:785,0
DA:799,1
DA:801,3
DA:813,1
DA:815,2
DA:816,2
DA:817,3
DA:829,0
DA:831,0
DA:832,0
DA:833,0
DA:834,0
DA:836,0
DA:837,0
DA:851,0
DA:854,0
DA:855,0
DA:856,0
DA:869,0
DA:878,1
DA:883,1
DA:885,1
DA:886,3
DA:887,3
DA:888,1
DA:889,1
DA:890,1
DA:891,1
DA:892,1
DA:893,1
DA:894,1
DA:895,1
DA:896,1
LF:286
LH:214
end_of_record
SF:lib/src/editing/mongol_text_editing_action.dart
DA:56,0
DA:59,0
DA:60,0
DA:61,0
DA:64,0
DA:67,0
DA:70,0
LF:7
LH:0
end_of_record
SF:lib/src/editing/mongol_input_decorator.dart
DA:40,2
DA:41,1
DA:42,2
DA:43,1
DA:44,1
DA:49,2
DA:50,1
DA:51,2
DA:52,1
DA:53,1
DA:57,1
DA:63,0
DA:66,0
DA:67,0
DA:68,0
DA:71,0
DA:73,0
DA:78,1
DA:79,1
DA:81,1
DA:82,3
DA:87,1
DA:96,1
DA:106,1
DA:107,5
DA:109,1
DA:111,3
DA:112,1
DA:113,1
DA:114,2
DA:115,0
DA:116,0
DA:117,0
DA:118,0
DA:119,0
DA:123,1
DA:126,2
DA:127,2
DA:128,2
DA:133,1
DA:135,3
DA:136,3
DA:137,3
DA:138,3
DA:139,3
DA:148,1
DA:157,1
DA:167,1
DA:168,1
DA:182,1
DA:184,1
DA:185,2
DA:187,2
DA:190,2
DA:194,2
DA:195,1
DA:198,2
DA:199,2
DA:200,2
DA:202,2
DA:203,1
DA:206,1
DA:207,3
DA:210,1
DA:212,2
DA:213,2
DA:214,1
DA:217,1
DA:219,1
DA:220,4
DA:221,2
DA:222,1
DA:223,2
DA:225,1
DA:226,1
DA:227,1
DA:229,4
DA:230,0
DA:231,0
DA:233,4
DA:234,2
DA:235,2
DA:237,2
DA:242,1
DA:244,1
DA:245,1
DA:246,2
DA:247,1
DA:248,2
DA:249,1
DA:251,1
DA:252,1
DA:253,2
DA:254,2
DA:255,2
DA:256,1
DA:257,1
DA:259,2
DA:267,1
DA:271,1
DA:275,2
DA:277,1
DA:279,2
DA:280,1
DA:281,2
DA:282,0
DA:283,0
DA:285,0
DA:289,1
DA:291,1
DA:292,2
DA:293,1
DA:302,1
DA:311,1
DA:321,1
DA:322,1
DA:335,1
DA:337,1
DA:338,2
DA:342,2
DA:343,2
DA:344,2
DA:345,2
DA:346,2
DA:348,3
DA:351,1
DA:353,2
DA:354,1
DA:357,0
DA:358,0
DA:363,1
DA:365,1
DA:367,2
DA:368,2
DA:369,1
DA:370,1
DA:373,1
DA:375,1
DA:379,0
DA:380,0
DA:382,0
DA:383,0
DA:385,0
DA:390,1
DA:391,2
DA:392,1
DA:394,1
DA:395,3
DA:396,1
DA:397,2
DA:398,2
DA:399,2
DA:401,2
DA:407,1
DA:408,2
DA:409,1
DA:412,1
DA:413,2
DA:414,1
DA:415,1
DA:418,3
DA:419,1
DA:420,2
DA:421,2
DA:422,2
DA:424,2
DA:431,1
DA:433,2
DA:434,1
DA:435,2
DA:436,2
DA:438,1
DA:443,2
DA:444,1
DA:445,2
DA:446,2
DA:448,0
DA:453,0
DA:455,0
DA:457,0
DA:458,0
DA:459,0
DA:460,0
DA:461,0
DA:462,0
DA:464,0
DA:469,0
DA:470,0
DA:471,0
DA:472,0
DA:473,0
DA:474,0
DA:475,0
DA:486,10
DA:503,1
DA:549,1
DA:552,3
DA:553,1
DA:554,3
DA:555,3
DA:556,3
DA:557,3
DA:558,3
DA:559,3
DA:560,3
DA:561,3
DA:562,3
DA:563,3
DA:564,3
DA:565,3
DA:566,3
DA:567,3
DA:568,3
DA:569,3
DA:570,3
DA:571,3
DA:572,0
DA:573,0
DA:574,0
DA:577,0
DA:579,0
DA:580,0
DA:581,0
DA:582,0
DA:583,0
DA:584,0
DA:585,0
DA:586,0
DA:587,0
DA:588,0
DA:589,0
DA:590,0
DA:591,0
DA:592,0
DA:593,0
DA:594,0
DA:595,0
DA:596,0
DA:597,0
DA:598,0
DA:599,0
DA:608,1
DA:627,1
DA:644,1
DA:647,0
DA:648,0
DA:651,2
DA:652,1
DA:658,2
DA:659,1
DA:660,3
DA:664,2
DA:665,1
DA:666,3
DA:670,2
DA:671,1
DA:672,3
DA:676,2
DA:677,1
DA:678,3
DA:682,2
DA:683,1
DA:684,3
DA:688,2
DA:689,1
DA:690,3
DA:694,2
DA:695,0
DA:696,0
DA:700,2
DA:701,1
DA:702,3
DA:706,2
DA:707,1
DA:708,1
DA:709,2
DA:713,2
DA:714,1
DA:715,3
DA:719,2
DA:720,1
DA:721,3
DA:739,2
DA:741,1
DA:742,2
DA:743,1
DA:744,1
DA:747,0
DA:749,1
DA:750,2
DA:751,0
DA:752,0
DA:755,1
DA:756,1
DA:757,1
DA:758,2
DA:760,1
DA:761,2
DA:765,0
DA:766,0
DA:769,0
DA:770,0
DA:773,2
DA:775,1
DA:776,2
DA:777,1
DA:778,1
DA:781,2
DA:783,1
DA:784,2
DA:785,0
DA:786,0
DA:791,1
DA:792,5
DA:795,1
DA:797,1
DA:798,1
DA:799,0
DA:803,1
DA:805,1
DA:806,2
DA:807,1
DA:811,1
DA:813,3
DA:816,1
DA:818,2
DA:821,1
DA:823,3
DA:824,3
DA:825,1
DA:827,1
DA:828,2
DA:830,1
DA:831,1
DA:832,2
DA:833,1
DA:834,2
DA:838,3
DA:839,3
DA:840,3
DA:841,3
DA:842,3
DA:843,3
DA:846,0
DA:848,0
DA:849,0
DA:850,0
DA:853,0
DA:854,0
DA:855,0
DA:856,0
DA:857,0
DA:858,0
DA:859,0
DA:860,0
DA:861,0
DA:862,0
DA:863,0
DA:867,1
DA:870,1
DA:871,1
DA:874,1
DA:875,1
DA:878,1
DA:879,1
DA:882,2
DA:884,1
DA:885,1
DA:887,3
DA:890,1
DA:894,1
DA:901,1
DA:902,1
DA:909,1
DA:911,2
DA:922,1
DA:923,1
DA:926,4
DA:927,4
DA:928,4
DA:929,4
DA:930,4
DA:932,1
DA:934,3
DA:935,4
DA:936,3
DA:937,4
DA:938,4
DA:939,4
DA:940,4
DA:941,2
DA:943,1
DA:944,3
DA:945,3
DA:946,3
DA:948,0
DA:950,1
DA:952,3
DA:953,4
DA:954,3
DA:955,4
DA:956,1
DA:957,2
DA:958,3
DA:959,1
DA:960,2
DA:962,3
DA:963,1
DA:964,1
DA:966,4
DA:970,3
DA:971,1
DA:972,1
DA:973,1
DA:975,2
DA:976,4
DA:977,4
DA:978,2
DA:985,3
DA:986,3
DA:987,0
DA:990,4
DA:992,6
DA:994,4
DA:995,1
DA:999,3
DA:1000,3
DA:1001,1
DA:1003,2
DA:1004,6
DA:1005,6
DA:1007,1
DA:1014,4
DA:1015,4
DA:1016,1
DA:1017,1
DA:1018,2
DA:1019,2
DA:1024,3
DA:1025,3
DA:1026,1
DA:1027,2
DA:1028,2
DA:1030,2
DA:1031,1
DA:1032,3
DA:1033,3
DA:1035,1
DA:1037,2
DA:1042,1
DA:1044,4
DA:1045,1
DA:1046,1
DA:1048,1
DA:1049,3
DA:1050,1
DA:1051,1
DA:1052,1
DA:1053,3
DA:1054,1
DA:1057,5
DA:1060,2
DA:1061,1
DA:1063,1
DA:1064,1
DA:1068,1
DA:1069,2
DA:1075,2
DA:1078,4
DA:1083,3
DA:1086,3
DA:1087,1
DA:1088,1
DA:1089,1
DA:1092,7
DA:1093,2
DA:1094,1
DA:1096,1
DA:1098,4
DA:1110,1
DA:1111,2
DA:1112,3
DA:1114,1
DA:1115,1
DA:1119,1
DA:1127,1
DA:1129,4
DA:1130,4
DA:1134,4
DA:1137,1
DA:1141,1
DA:1146,1
DA:1163,1
DA:1165,2
DA:1168,1
DA:1173,2
DA:1174,3
DA:1177,0
DA:1182,0
DA:1183,0
DA:1186,1
DA:1188,3
DA:1189,3
DA:1190,3
DA:1191,3
DA:1192,6
DA:1193,3
DA:1194,3
DA:1195,2
DA:1198,1
DA:1200,3
DA:1201,3
DA:1202,3
DA:1203,3
DA:1204,6
DA:1205,3
DA:1206,3
DA:1207,2
DA:1210,1
DA:1212,2
DA:1214,2
DA:1219,1
DA:1221,4
DA:1222,2
DA:1223,3
DA:1224,3
DA:1225,4
DA:1226,6
DA:1227,1
DA:1228,3
DA:1229,1
DA:1231,3
DA:1232,1
DA:1235,1
DA:1237,1
DA:1240,0
DA:1242,0
DA:1243,0
DA:1249,1
DA:1251,1
DA:1258,1
DA:1260,1
DA:1261,1
DA:1262,1
DA:1264,1
DA:1265,3
DA:1267,1
DA:1268,1
DA:1269,1
DA:1270,4
DA:1272,2
DA:1273,3
DA:1274,4
DA:1278,1
DA:1279,7
DA:1280,2
DA:1284,1
DA:1285,2
DA:1286,4
DA:1287,2
DA:1290,2
DA:1291,3
DA:1293,1
DA:1295,2
DA:1297,1
DA:1299,2
DA:1302,4
DA:1304,1
DA:1305,0
DA:1306,0
DA:1308,1
DA:1309,2
DA:1310,0
DA:1312,2
DA:1315,4
DA:1316,3
DA:1317,3
DA:1318,1
DA:1319,3
DA:1320,7
DA:1322,1
DA:1323,7
DA:1326,1
DA:1327,1
DA:1328,1
DA:1330,1
DA:1331,6
DA:1333,1
DA:1334,6
DA:1338,1
DA:1339,4
DA:1342,7
DA:1343,7
DA:1345,3
DA:1346,3
DA:1349,3
DA:1350,4
DA:1351,4
DA:1354,1
DA:1355,2
DA:1358,1
DA:1360,1
DA:1362,4
DA:1366,2
DA:1368,1
DA:1369,3
DA:1370,3
DA:1371,4
DA:1372,2
DA:1376,5
DA:1379,2
DA:1381,0
DA:1382,0
DA:1384,0
DA:1385,2
DA:1386,1
DA:1387,1
DA:1388,3
DA:1389,2
DA:1390,3
DA:1391,1
DA:1392,2
DA:1393,3
DA:1394,1
DA:1396,1
DA:1399,2
DA:1400,2
DA:1401,2
DA:1402,2
DA:1403,2
DA:1404,2
DA:1405,2
DA:1406,2
DA:1407,2
DA:1412,1
DA:1415,1
DA:1417,2
DA:1419,2
DA:1420,1
DA:1423,1
DA:1424,2
DA:1425,1
DA:1433,1
DA:1435,3
DA:1436,3
DA:1438,2
DA:1439,5
DA:1441,1
DA:1446,2
DA:1451,1
DA:1452,1
DA:1454,1
DA:1455,1
DA:1457,1
DA:1459,3
DA:1462,0
DA:1464,0
DA:1465,0
DA:1466,0
DA:1467,0
DA:1468,0
DA:1471,1
DA:1472,2
DA:1473,1
DA:1475,0
DA:1478,2
DA:1482,1
DA:1484,1
DA:1485,4
DA:1486,4
DA:1487,4
DA:1488,4
DA:1489,4
DA:1490,4
DA:1491,4
DA:1492,4
DA:1493,4
DA:1494,4
DA:1495,4
DA:1498,1
DA:1499,2
DA:1500,1
DA:1502,2
DA:1505,2
DA:1509,1
DA:1511,1
DA:1512,2
DA:1513,4
DA:1514,4
DA:1515,4
DA:1516,4
DA:1517,4
DA:1518,4
DA:1519,4
DA:1520,4
DA:1521,4
DA:1522,4
DA:1523,4
DA:1526,1
DA:1528,1
DA:1529,2
DA:1531,1
DA:1532,2
DA:1534,1
DA:1535,2
DA:1537,1
DA:1538,2
DA:1540,1
DA:1541,2
DA:1543,1
DA:1544,2
DA:1546,1
DA:1547,0
DA:1549,1
DA:1550,2
DA:1552,1
DA:1553,2
DA:1555,1
DA:1556,2
DA:1558,1
DA:1559,2
DA:1564,1
DA:1566,1
DA:1567,1
DA:1568,4
DA:1571,0
DA:1573,0
DA:1574,0
DA:1575,0
DA:1576,0
DA:1579,0
DA:1582,0
DA:1587,1
DA:1594,1
DA:1602,1
DA:1603,1
DA:1605,1
DA:1607,1
DA:1608,1
DA:1609,1
DA:1610,1
DA:1611,1
DA:1612,1
DA:1616,1
DA:1620,2
DA:1621,2
DA:1622,2
DA:1623,2
DA:1624,2
DA:1629,1
DA:1641,1
DA:1643,1
DA:1644,1
DA:1645,1
DA:1648,1
DA:1649,1
DA:1650,1
DA:1652,1
DA:1653,1
DA:1654,1
DA:1687,1
DA:1698,1
DA:1786,1
DA:1787,4
DA:1789,1
DA:1790,1
DA:1799,0
DA:1800,0
DA:1801,0
DA:1804,0
DA:1806,0
DA:1808,0
DA:1809,0
DA:1811,0
DA:1812,0
DA:1813,0
DA:1814,0
DA:1824,1
DA:1826,1
DA:1828,4
DA:1830,4
DA:1832,2
DA:1834,2
DA:1838,3
DA:1840,2
DA:1846,1
DA:1848,1
DA:1849,1
DA:1852,1
DA:1854,2
DA:1855,2
DA:1856,1
DA:1859,1
DA:1860,2
DA:1866,1
DA:1867,4
DA:1868,3
DA:1870,1
DA:1873,3
DA:1874,3
DA:1875,5
DA:1876,3
DA:1877,1
DA:1878,3
DA:1881,1
DA:1883,1
DA:1884,5
DA:1886,4
DA:1887,2
DA:1889,4
DA:1891,1
DA:1892,2
DA:1893,4
DA:1895,2
DA:1897,2
DA:1901,2
DA:1902,2
DA:1904,2
DA:1906,0
DA:1907,0
DA:1908,0
DA:1909,0
DA:1913,1
DA:1914,1
DA:1915,1
DA:1916,1
DA:1917,0
DA:1918,1
DA:1919,1
DA:1922,1
DA:1925,1
DA:1926,1
DA:1927,1
DA:1928,1
DA:1929,0
DA:1930,1
DA:1931,1
DA:1934,2
DA:1935,0
DA:1937,3
DA:1938,1
DA:1939,2
DA:1940,2
DA:1941,1
DA:1942,2
DA:1947,1
DA:1948,3
DA:1952,0
DA:1961,0
DA:1962,0
DA:1963,0
DA:1964,0
DA:1965,0
DA:1969,1
DA:1970,2
DA:1971,2
DA:1972,0
DA:1973,0
DA:1974,0
DA:1975,0
DA:1976,0
DA:1979,1
DA:1980,4
DA:1982,1
DA:1983,1
DA:1985,1
DA:1994,1
DA:1995,2
DA:1996,2
DA:1997,3
DA:2001,3
DA:2005,1
DA:2006,6
DA:2007,2
DA:2008,1
DA:2009,1
DA:2012,1
DA:2013,2
DA:2014,0
DA:2015,1
DA:2016,5
DA:2020,1
DA:2022,0
DA:2024,0
DA:2025,0
DA:2027,1
DA:2028,2
DA:2029,3
DA:2032,1
DA:2034,3
DA:2035,2
DA:2036,1
DA:2037,3
DA:2040,1
DA:2042,3
DA:2043,2
DA:2044,1
DA:2045,3
DA:2048,1
DA:2049,4
DA:2050,0
DA:2054,3
DA:2055,2
DA:2056,1
DA:2057,1
DA:2060,3
DA:2062,1
DA:2066,2
DA:2067,3
DA:2068,2
DA:2071,1
DA:2074,2
DA:2075,1
DA:2076,1
DA:2079,1
DA:2081,1
DA:2082,1
DA:2083,1
DA:2085,3
DA:2086,2
DA:2088,1
DA:2089,2
DA:2093,1
DA:2094,2
DA:2097,1
DA:2098,2
DA:2102,2
DA:2104,2
DA:2105,2
DA:2106,1
DA:2108,2
DA:2110,4
DA:2112,1
DA:2114,1
DA:2116,1
DA:2117,2
DA:2118,1
DA:2119,1
DA:2120,1
DA:2126,1
DA:2127,0
DA:2128,3
DA:2129,2
DA:2131,1
DA:2132,2
DA:2133,1
DA:2136,1
DA:2137,1
DA:2140,2
DA:2141,1
DA:2143,1
DA:2144,2
DA:2146,1
DA:2153,4
DA:2155,1
DA:2156,2
DA:2157,2
DA:2158,2
DA:2159,2
DA:2163,4
DA:2165,1
DA:2166,2
DA:2167,2
DA:2168,2
DA:2169,2
DA:2172,1
DA:2174,3
DA:2176,2
DA:2178,2
DA:2180,1
DA:2182,1
DA:2183,1
DA:2187,2
DA:2191,2
DA:2193,0
DA:2196,0
DA:2197,0
DA:2198,0
DA:2204,0
DA:2205,0
DA:2209,0
DA:2214,2
DA:2216,1
DA:2219,1
DA:2220,2
DA:2221,2
DA:2227,1
DA:2228,1
DA:2232,2
DA:2237,1
DA:2238,1
DA:2239,2
DA:2240,1
DA:2241,2
DA:2242,2
DA:2243,1
DA:2244,2
DA:2248,2
DA:2249,0
DA:2250,2
DA:2251,3
DA:2252,1
DA:2254,1
DA:2255,1
DA:2256,2
DA:2257,4
DA:2259,2
DA:2268,2
DA:2272,2
DA:2275,1
DA:2277,4
DA:2278,1
DA:2279,3
DA:2302,1
DA:2303,1
DA:2305,2
DA:2307,2
DA:2309,1
DA:2310,2
DA:2311,2
DA:2312,1
DA:2314,2
DA:2324,1
DA:2327,2
DA:2328,1
DA:2329,2
LF:1026
LH:860
end_of_record
SF:lib/src/editing/text_selection/mongol_text_selection_controls.dart
DA:36,1
DA:41,1
DA:52,1
DA:59,1
DA:60,1
DA:61,0
DA:63,1
DA:65,1
DA:70,1
DA:73,1
DA:74,2
DA:75,2
DA:76,1
DA:79,1
DA:80,1
DA:90,1
DA:91,1
DA:95,1
DA:97,1
DA:98,1
DA:99,2
DA:108,1
DA:111,1
DA:114,1
DA:121,1
DA:125,1
DA:126,1
DA:127,2
DA:128,3
DA:129,5
DA:135,1
DA:146,1
DA:158,1
DA:171,1
DA:173,1
DA:178,0
DA:179,0
DA:184,1
DA:186,1
DA:187,4
DA:188,3
DA:191,0
DA:193,0
DA:194,0
DA:195,0
DA:196,0
DA:198,0
DA:201,1
DA:203,1
DA:206,3
DA:207,4
DA:211,1
DA:214,2
DA:215,2
DA:216,2
DA:217,2
DA:222,2
DA:223,4
DA:229,3
DA:231,10
DA:232,1
DA:233,4
DA:234,3
DA:235,3
DA:237,7
DA:238,1
DA:239,4
DA:240,3
DA:242,7
DA:247,1
DA:248,2
DA:249,1
DA:251,2
DA:253,2
DA:254,1
DA:256,2
DA:258,2
DA:259,4
DA:260,1
DA:262,2
DA:264,2
DA:265,1
DA:267,2
DA:272,1
DA:276,1
DA:280,1
DA:281,1
DA:282,2
DA:283,1
DA:284,1
DA:285,2
DA:286,2
DA:287,3
DA:289,1
DA:296,1
DA:300,1
DA:302,3
DA:303,2
DA:305,2
DA:306,1
DA:307,1
DA:308,1
DA:309,1
DA:310,1
DA:313,1
DA:315,3
DA:320,2
DA:321,1
LF:108
LH:99
end_of_record
SF:lib/src/editing/text_selection/mongol_text_selection_toolbar.dart
DA:35,1
DA:41,2
DA:42,1
DA:73,1
DA:74,1
DA:79,1
DA:82,4
DA:83,3
DA:84,1
DA:85,1
DA:87,1
DA:88,1
DA:94,1
DA:95,1
DA:96,1
DA:97,1
DA:98,2
DA:99,2
DA:102,1
DA:104,1
DA:105,1
DA:118,1
DA:123,2
DA:124,1
DA:136,1
DA:138,1
DA:155,0
DA:160,0
DA:164,0
DA:167,0
DA:169,0
DA:171,0
DA:172,0
DA:176,1
DA:178,1
DA:179,1
DA:180,1
DA:181,1
DA:186,3
DA:188,1
DA:189,2
DA:190,1
DA:191,1
DA:192,1
DA:194,2
DA:195,0
DA:196,0
DA:197,0
DA:201,2
DA:215,1
DA:219,1
DA:223,1
DA:226,1
DA:227,1
DA:231,0
DA:234,0
DA:239,1
DA:242,1
DA:250,2
DA:251,0
DA:252,0
DA:255,0
DA:256,0
DA:259,1
DA:261,4
DA:267,2
DA:268,4
DA:271,4
DA:272,3
DA:277,6
DA:278,0
DA:279,1
DA:284,2
DA:285,2
DA:287,6
DA:292,1
DA:294,2
DA:295,4
DA:299,0
DA:302,0
DA:303,0
DA:304,0
DA:306,0
DA:307,0
DA:308,0
DA:313,1
DA:315,2
DA:316,2
DA:320,1
DA:322,1
DA:323,5
DA:324,1
DA:331,1
DA:336,1
DA:341,1
DA:344,1
DA:345,1
DA:346,1
DA:350,0
DA:354,0
DA:355,0
DA:358,1
DA:360,1
DA:365,1
DA:367,1
DA:369,1
DA:370,2
DA:371,1
DA:374,1
DA:376,3
DA:382,1
DA:387,1
DA:393,0
DA:394,0
DA:395,0
DA:398,0
DA:399,0
DA:403,2
DA:404,0
DA:405,0
DA:408,0
DA:409,0
DA:414,1
DA:416,1
DA:417,0
DA:418,2
DA:420,2
DA:423,1
DA:425,2
DA:426,1
DA:432,3
DA:437,2
DA:438,3
DA:440,2
DA:441,0
DA:447,1
DA:448,3
DA:449,0
DA:450,0
DA:451,0
DA:456,1
DA:458,2
DA:459,3
DA:463,3
DA:471,0
DA:476,1
DA:477,1
DA:480,1
DA:481,1
DA:482,2
DA:483,1
DA:486,1
DA:489,1
DA:494,1
DA:495,0
DA:498,1
DA:500,1
DA:501,2
DA:502,3
DA:503,1
DA:504,4
DA:508,0
DA:509,0
DA:510,0
DA:512,0
DA:518,1
DA:519,2
DA:520,0
DA:521,0
DA:522,0
DA:523,0
DA:524,0
DA:525,0
DA:526,0
DA:529,0
DA:531,0
DA:534,1
DA:537,1
DA:540,1
DA:542,2
DA:543,1
DA:544,0
DA:548,1
DA:549,1
DA:552,1
DA:554,2
DA:556,1
DA:557,1
DA:561,3
DA:565,1
DA:567,2
DA:568,2
DA:572,0
DA:575,0
DA:577,0
DA:580,0
DA:581,0
DA:585,0
DA:586,0
DA:588,0
DA:589,0
DA:590,0
DA:596,0
DA:602,1
DA:604,2
DA:607,1
DA:608,1
DA:609,1
DA:618,1
DA:621,1
DA:625,1
DA:627,1
DA:634,1
DA:642,1
DA:647,1
DA:653,1
DA:655,1
DA:658,1
DA:659,1
DA:660,1
DA:661,1
LF:221
LH:153
end_of_record
SF:lib/src/editing/text_selection/mongol_text_selection_toolbar_button.dart
DA:10,10
DA:27,1
DA:32,1
DA:58,1
DA:59,3
DA:60,1
DA:61,1
DA:62,1
DA:63,1
DA:67,1
DA:68,1
DA:69,1
DA:75,1
DA:76,1
DA:77,1
DA:83,1
DA:84,1
DA:85,1
DA:89,2
DA:95,1
DA:97,1
DA:98,3
DA:101,1
DA:102,1
DA:104,1
DA:105,1
LF:26
LH:26
end_of_record
SF:lib/src/editing/text_selection/mongol_text_selection_toolbar_layout_delegate.dart
DA:19,1
DA:53,1
DA:55,3
DA:60,3
DA:61,0
DA:65,2
DA:68,1
DA:70,1
DA:73,1
DA:75,1
DA:76,2
DA:78,1
DA:80,4
DA:81,1
DA:82,1
DA:83,1
DA:84,1
DA:85,1
DA:90,0
DA:92,0
DA:93,0
DA:94,0
LF:22
LH:17
end_of_record
SF:lib/src/menu/mongol_instrinsic_height.dart
DA:47,1
DA:49,1
DA:50,0
DA:51,1
DA:73,4
DA:74,4
DA:76,1
DA:78,1
DA:79,2
DA:82,1
DA:86,2
DA:87,2
DA:128,1
DA:132,1
DA:133,0
DA:136,1
DA:141,0
DA:143,1
DA:144,1
DA:145,2
DA:146,0
DA:147,0
DA:153,0
DA:155,1
DA:156,0
DA:157,2
DA:158,0
DA:159,0
DA:162,1
DA:163,1
DA:165,3
DA:168,1
DA:170,1
DA:173,1
DA:175,1
DA:176,2
DA:177,2
DA:180,1
DA:182,1
DA:183,2
DA:184,1
DA:185,2
DA:186,2
DA:189,1
DA:191,1
DA:192,2
DA:193,1
DA:194,2
DA:195,2
DA:198,1
DA:201,1
DA:202,1
DA:204,3
DA:205,1
DA:207,3
DA:209,1
DA:210,0
DA:211,0
DA:212,0
DA:214,2
DA:216,0
DA:220,1
DA:222,1
DA:228,1
DA:230,2
DA:232,1
DA:236,0
DA:238,0
DA:239,0
DA:240,0
LF:70
LH:53
end_of_record
SF:lib/src/text/mongol_render_paragraph.dart
DA:29,8
DA:36,1
DA:39,8
DA:44,8
DA:47,0
DA:49,0
DA:50,0
DA:57,3
DA:58,6
DA:59,18
DA:60,6
DA:61,5
DA:63,5
DA:64,6
DA:65,3
DA:67,3
DA:68,6
DA:69,3
DA:75,0
DA:76,6
DA:77,18
DA:80,2
DA:81,1
DA:91,16
DA:93,6
DA:94,12
DA:97,1
DA:98,1
DA:102,4
DA:104,6
DA:105,12
DA:108,1
DA:109,3
DA:110,1
DA:117,3
DA:118,6
DA:119,18
DA:120,4
DA:121,2
DA:127,0
DA:131,6
DA:132,2
DA:133,18
DA:136,2
DA:137,1
DA:138,1
DA:148,0
DA:149,0
DA:151,8
DA:155,12
DA:156,16
DA:162,8
DA:163,8
DA:164,8
DA:165,8
DA:169,5
DA:171,5
DA:172,10
DA:175,5
DA:177,5
DA:178,10
DA:181,5
DA:182,5
DA:183,10
DA:186,5
DA:188,5
DA:191,5
DA:193,5
DA:196,2
DA:198,2
DA:199,4
DA:200,4
DA:201,4
DA:204,4
DA:207,4
DA:209,4
DA:210,4
DA:211,8
DA:212,4
DA:213,8
DA:214,12
DA:218,4
DA:219,4
DA:223,8
DA:225,8
DA:226,8
DA:235,16
DA:236,16
DA:237,16
DA:240,32
DA:241,32
DA:244,1
DA:245,1
DA:246,0
DA:247,0
DA:249,1
DA:250,1
DA:251,1
DA:252,1
DA:254,1
DA:255,1
DA:256,1
DA:257,4
DA:258,1
DA:259,1
DA:262,2
DA:263,2
DA:264,2
DA:265,1
DA:266,1
DA:267,1
DA:270,0
DA:271,0
DA:272,0
DA:273,0
DA:274,0
DA:275,0
DA:281,8
DA:282,8
DA:286,8
DA:288,16
DA:289,8
DA:291,0
DA:292,0
DA:295,8
DA:297,8
DA:298,2
DA:299,1
DA:302,3
DA:304,2
DA:306,2
DA:309,24
DA:311,8
DA:312,1
DA:313,4
DA:314,1
DA:315,1
DA:316,2
DA:317,4
DA:319,2
DA:323,0
DA:325,0
DA:326,0
DA:331,0
DA:333,0
DA:334,0
DA:335,0
DA:337,0
DA:342,0
DA:343,0
DA:344,0
DA:345,0
LF:152
LH:123
end_of_record
